#
# There is insufficient memory for the Java Runtime Environment to continue.
# Native memory allocation (malloc) failed to allocate 195056 bytes for Chunk::new
# Possible reasons:
#   The system is out of physical RAM or swap space
#   The process is running with CompressedOops enabled, and the Java Heap may be blocking the growth of the native heap
# Possible solutions:
#   Reduce memory load on the system
#   Increase physical memory or swap space
#   Check if swap backing store is full
#   Decrease Java heap size (-Xmx/-Xms)
#   Decrease number of Java threads
#   Decrease Java thread stack sizes (-Xss)
#   Set larger code cache with -XX:ReservedCodeCacheSize=
#   JVM is running with Unscaled Compressed Oops mode in which the Java heap is
#     placed in the first 4GB address space. The Java Heap base address is the
#     maximum limit for the native heap growth. Please use -XX:HeapBaseMinAddress
#     to set the Java Heap base and to place the Java Heap above 4GB virtual address.
# This output file may be truncated or incomplete.
#
#  Out of Memory Error (./src/hotspot/share/memory/arena.cpp:197), pid=248, tid=7980
#
# JRE version: OpenJDK Runtime Environment (11.0.12+7) (build 11.0.12+7-b1504.28-7817840)
# Java VM: OpenJDK 64-Bit Server VM (11.0.12+7-b1504.28-7817840, mixed mode, tiered, compressed oops, g1 gc, windows-amd64)
# No core dump will be written. Minidumps are not enabled by default on client versions of Windows
#

---------------  S U M M A R Y ------------

Command Line: --add-opens=java.base/java.util=ALL-UNNAMED --add-opens=java.base/java.lang=ALL-UNNAMED --add-opens=java.base/java.lang.invoke=ALL-UNNAMED --add-opens=java.base/java.util=ALL-UNNAMED --add-opens=java.prefs/java.util.prefs=ALL-UNNAMED --add-opens=java.prefs/java.util.prefs=ALL-UNNAMED --add-opens=java.base/java.nio.charset=ALL-UNNAMED --add-opens=java.base/java.net=ALL-UNNAMED --add-opens=java.base/java.util.concurrent.atomic=ALL-UNNAMED -Xmx2048m -Dfile.encoding=UTF-8 -Duser.country=RU -Duser.language=ru -Duser.variant org.gradle.launcher.daemon.bootstrap.GradleDaemon 7.3.3

Host: Intel(R) Core(TM) i3-7020U CPU @ 2.30GHz, 4 cores, 7G,  Windows 10 , 64 bit Build 19041 (10.0.19041.2251)
Time: Tue Dec  6 01:34:20 2022 Центральная Азия (зима) elapsed time: 2789.134496 seconds (0d 0h 46m 29s)

---------------  T H R E A D  ---------------

Current thread (0x0000020d5d7c9000):  JavaThread "C2 CompilerThread0" daemon [_thread_in_native, id=7980, stack(0x000000dbbfd00000,0x000000dbbfe00000)]


Current CompileTask:
C2:2789134 25998   !   4       java.util.jar.Attributes::read (390 bytes)

Stack: [0x000000dbbfd00000,0x000000dbbfe00000]
Native frames: (J=compiled Java code, j=interpreted, Vv=VM code, C=native code)
V  [jvm.dll+0x5fbcea]
V  [jvm.dll+0x731905]
V  [jvm.dll+0x732f1d]
V  [jvm.dll+0x7335d3]
V  [jvm.dll+0x247bf8]
V  [jvm.dll+0xc018c]
V  [jvm.dll+0xc06cc]
V  [jvm.dll+0x1ffe21]
V  [jvm.dll+0x58df6d]
V  [jvm.dll+0x591aeb]
V  [jvm.dll+0x2004a2]
V  [jvm.dll+0x1ff794]
V  [jvm.dll+0x18868c]
V  [jvm.dll+0x20e0d7]
V  [jvm.dll+0x20c901]
V  [jvm.dll+0x6f9b7f]
V  [jvm.dll+0x6f26a5]
V  [jvm.dll+0x5fabf6]
C  [ucrtbase.dll+0x21bb2]
C  [KERNEL32.DLL+0x174b4]
C  [ntdll.dll+0x526a1]


---------------  P R O C E S S  ---------------

Threads class SMR info:
_java_thread_list=0x0000020d6a060990, length=88, elements={
0x0000020d43467800, 0x0000020d5d79e000, 0x0000020d5d79f800, 0x0000020d5d7bc000,
0x0000020d5d7c0000, 0x0000020d5d7c1800, 0x0000020d5d7c9000, 0x0000020d5d7cc800,
0x0000020d5d7d8800, 0x0000020d5e299800, 0x0000020d612a3800, 0x0000020d5eb1a000,
0x0000020d604bb000, 0x0000020d5f862000, 0x0000020d5f85e800, 0x0000020d5f863000,
0x0000020d5f865000, 0x0000020d5f860800, 0x0000020d5f863800, 0x0000020d5f861000,
0x0000020d605fa800, 0x0000020d605f9000, 0x0000020d605f8000, 0x0000020d605f9800,
0x0000020d5ee81000, 0x0000020d5ee83800, 0x0000020d67f14000, 0x0000020d67f1b000,
0x0000020d67f1c000, 0x0000020d67f21800, 0x0000020d67f21000, 0x0000020d60e18800,
0x0000020d67f19800, 0x0000020d6d373800, 0x0000020d5ee8a000, 0x0000020d67f14800,
0x0000020d67f15800, 0x0000020d6d36f800, 0x0000020d6d36f000, 0x0000020d6d36a000,
0x0000020d6d370800, 0x0000020d6d36a800, 0x0000020d6d371000, 0x0000020d6d36b800,
0x0000020d6d372000, 0x0000020d6d36e000, 0x0000020d6d36c800, 0x0000020d6d36d000,
0x0000020d6d373000, 0x0000020d6d376000, 0x0000020d6d377000, 0x0000020d6d378000,
0x0000020d6d374800, 0x0000020d6d378800, 0x0000020d61cc4800, 0x0000020d61cc5000,
0x0000020d61cc1000, 0x0000020d61cc7800, 0x0000020d61cc2000, 0x0000020d61cc2800,
0x0000020d61ccb800, 0x0000020d61cc8800, 0x0000020d61ccb000, 0x0000020d61cc9800,
0x0000020d61cc6000, 0x0000020d61ccc800, 0x0000020d61ccd800, 0x0000020d61cce000,
0x0000020d61ccf000, 0x0000020d61cca000, 0x0000020d61cd0000, 0x0000020d60e17800,
0x0000020d60e17000, 0x0000020d60e19800, 0x0000020d60e15800, 0x0000020d60e1c000,
0x0000020d60e1a000, 0x0000020d60e1b000, 0x0000020d60e16000, 0x0000020d60e1c800,
0x0000020d60e23000, 0x0000020d60e21800, 0x0000020d60e1d800, 0x0000020d60e20800,
0x0000020d60e24000, 0x0000020d60e1f000, 0x0000020d60e20000, 0x0000020d5ee7b800
}

Java Threads: ( => current thread )
  0x0000020d43467800 JavaThread "main" [_thread_blocked, id=840, stack(0x000000dbbf100000,0x000000dbbf200000)]
  0x0000020d5d79e000 JavaThread "Reference Handler" daemon [_thread_blocked, id=2604, stack(0x000000dbbf800000,0x000000dbbf900000)]
  0x0000020d5d79f800 JavaThread "Finalizer" daemon [_thread_blocked, id=8344, stack(0x000000dbbf900000,0x000000dbbfa00000)]
  0x0000020d5d7bc000 JavaThread "Signal Dispatcher" daemon [_thread_blocked, id=5168, stack(0x000000dbbfa00000,0x000000dbbfb00000)]
  0x0000020d5d7c0000 JavaThread "Attach Listener" daemon [_thread_blocked, id=9128, stack(0x000000dbbfb00000,0x000000dbbfc00000)]
  0x0000020d5d7c1800 JavaThread "Service Thread" daemon [_thread_blocked, id=10888, stack(0x000000dbbfc00000,0x000000dbbfd00000)]
=>0x0000020d5d7c9000 JavaThread "C2 CompilerThread0" daemon [_thread_in_native, id=7980, stack(0x000000dbbfd00000,0x000000dbbfe00000)]
  0x0000020d5d7cc800 JavaThread "C1 CompilerThread0" daemon [_thread_blocked, id=1692, stack(0x000000dbbfe00000,0x000000dbbff00000)]
  0x0000020d5d7d8800 JavaThread "Sweeper thread" daemon [_thread_blocked, id=9572, stack(0x000000dbbff00000,0x000000dbc0000000)]
  0x0000020d5e299800 JavaThread "Common-Cleaner" daemon [_thread_blocked, id=6320, stack(0x000000dbc0000000,0x000000dbc0100000)]
  0x0000020d612a3800 JavaThread "Daemon health stats" [_thread_blocked, id=1880, stack(0x000000dbc0500000,0x000000dbc0600000)]
  0x0000020d5eb1a000 JavaThread "Incoming local TCP Connector on port 52074" [_thread_in_native, id=7200, stack(0x000000dbc0400000,0x000000dbc0500000)]
  0x0000020d604bb000 JavaThread "Daemon periodic checks" [_thread_blocked, id=1236, stack(0x000000dbc0600000,0x000000dbc0700000)]
  0x0000020d5f862000 JavaThread "Cache worker for journal cache (C:\Users\Sultan\.gradle\caches\journal-1)" [_thread_blocked, id=4080, stack(0x000000dbc0e00000,0x000000dbc0f00000)]
  0x0000020d5f85e800 JavaThread "File lock request listener" [_thread_in_native, id=4100, stack(0x000000dbc0f00000,0x000000dbc1000000)]
  0x0000020d5f863000 JavaThread "Cache worker for file hash cache (C:\Users\Sultan\.gradle\caches\7.3.3\fileHashes)" [_thread_blocked, id=5076, stack(0x000000dbc1100000,0x000000dbc1200000)]
  0x0000020d5f865000 JavaThread "File watcher server" daemon [_thread_in_native, id=1188, stack(0x000000dbc1400000,0x000000dbc1500000)]
  0x0000020d5f860800 JavaThread "File watcher consumer" daemon [_thread_blocked, id=7336, stack(0x000000dbc1500000,0x000000dbc1600000)]
  0x0000020d5f863800 JavaThread "jar transforms" [_thread_blocked, id=9456, stack(0x000000dbc1600000,0x000000dbc1700000)]
  0x0000020d5f861000 JavaThread "jar transforms Thread 2" [_thread_blocked, id=4448, stack(0x000000dbc1700000,0x000000dbc1800000)]
  0x0000020d605fa800 JavaThread "jar transforms Thread 3" [_thread_blocked, id=11044, stack(0x000000dbc1800000,0x000000dbc1900000)]
  0x0000020d605f9000 JavaThread "jar transforms Thread 4" [_thread_blocked, id=5800, stack(0x000000dbc1900000,0x000000dbc1a00000)]
  0x0000020d605f8000 JavaThread "Cache worker for execution history cache (C:\Users\Sultan\.gradle\caches\7.3.3\executionHistory)" [_thread_blocked, id=3264, stack(0x000000dbc1d00000,0x000000dbc1e00000)]
  0x0000020d605f9800 JavaThread "Cache worker for file content cache (C:\Users\Sultan\.gradle\caches\7.3.3\fileContent)" [_thread_blocked, id=7960, stack(0x000000dbc1e00000,0x000000dbc1f00000)]
  0x0000020d5ee81000 JavaThread "Memory manager" [_thread_blocked, id=9852, stack(0x000000dbc4900000,0x000000dbc4a00000)]
  0x0000020d5ee83800 JavaThread "pool-3-thread-1" [_thread_blocked, id=11128, stack(0x000000dbc4d00000,0x000000dbc4e00000)]
  0x0000020d67f14000 JavaThread "pool-6-thread-1" [_thread_blocked, id=8348, stack(0x000000dbc4800000,0x000000dbc4900000)]
  0x0000020d67f1b000 JavaThread "RMI Scheduler(0)" daemon [_thread_blocked, id=3016, stack(0x000000dbc1b00000,0x000000dbc1c00000)]
  0x0000020d67f1c000 JavaThread "RMI GC Daemon" daemon [_thread_blocked, id=5480, stack(0x000000dbc5100000,0x000000dbc5200000)]
  0x0000020d67f21800 JavaThread "RMI TCP Accept-0" daemon [_thread_in_native, id=7224, stack(0x000000dbc5800000,0x000000dbc5900000)]
  0x0000020d67f21000 JavaThread "RMI Reaper" [_thread_blocked, id=10572, stack(0x000000dbc5900000,0x000000dbc5a00000)]
  0x0000020d60e18800 JavaThread "Cache worker for Java compile cache (C:\Users\Sultan\.gradle\caches\7.3.3\javaCompile)" [_thread_blocked, id=11100, stack(0x000000dbc5000000,0x000000dbc5100000)]
  0x0000020d67f19800 JavaThread "pool-11-thread-1" [_thread_blocked, id=4816, stack(0x000000dbc4b00000,0x000000dbc4c00000)]
  0x0000020d6d373800 JavaThread "ForkJoinPool.commonPool-worker-3" daemon [_thread_blocked, id=7412, stack(0x000000dbc6600000,0x000000dbc6700000)]
  0x0000020d5ee8a000 JavaThread "pool-16-thread-1" [_thread_blocked, id=6384, stack(0x000000dbc4c00000,0x000000dbc4d00000)]
  0x0000020d67f14800 JavaThread "Daemon Thread 4" [_thread_blocked, id=9520, stack(0x000000dbbee00000,0x000000dbbef00000)]
  0x0000020d67f15800 JavaThread "Daemon worker Thread 4" [_thread_in_Java, id=2276, stack(0x000000dbc0700000,0x000000dbc0800000)]
  0x0000020d6d36f800 JavaThread "Handler for socket connection from /127.0.0.1:52074 to /127.0.0.1:52659" [_thread_in_native, id=4292, stack(0x000000dbbef00000,0x000000dbbf000000)]
  0x0000020d6d36f000 JavaThread "Cancel handler" [_thread_blocked, id=4828, stack(0x000000dbbf000000,0x000000dbbf100000)]
  0x0000020d6d36a000 JavaThread "Asynchronous log dispatcher for DefaultDaemonConnection: socket connection from /127.0.0.1:52074 to /127.0.0.1:52659" [_thread_blocked, id=8672, stack(0x000000dbc0800000,0x000000dbc0900000)]
  0x0000020d6d370800 JavaThread "Stdin handler" [_thread_blocked, id=2464, stack(0x000000dbc0900000,0x000000dbc0a00000)]
  0x0000020d6d36a800 JavaThread "Daemon client event forwarder" [_thread_blocked, id=5776, stack(0x000000dbc0a00000,0x000000dbc0b00000)]
  0x0000020d6d371000 JavaThread "Cache worker for file hash cache (F:\NeobisProjects\NewsApplication\.gradle\7.3.3\fileHashes)" [_thread_blocked, id=5932, stack(0x000000dbc0b00000,0x000000dbc0c00000)]
  0x0000020d6d36b800 JavaThread "Cache worker for checksums cache (F:\NeobisProjects\NewsApplication\.gradle\7.3.3\checksums)" [_thread_blocked, id=6996, stack(0x000000dbc0c00000,0x000000dbc0d00000)]
  0x0000020d6d372000 JavaThread "Cache worker for cache directory md-supplier (C:\Users\Sultan\.gradle\caches\7.3.3\md-supplier)" [_thread_blocked, id=10608, stack(0x000000dbc0d00000,0x000000dbc0e00000)]
  0x0000020d6d36e000 JavaThread "Cache worker for cache directory md-rule (C:\Users\Sultan\.gradle\caches\7.3.3\md-rule)" [_thread_blocked, id=8332, stack(0x000000dbc1200000,0x000000dbc1300000)]
  0x0000020d6d36c800 JavaThread "Cache worker for dependencies-accessors (F:\NeobisProjects\NewsApplication\.gradle\7.3.3\dependencies-accessors)" [_thread_blocked, id=4224, stack(0x000000dbc1300000,0x000000dbc1400000)]
  0x0000020d6d36d000 JavaThread "Cache worker for Build Output Cleanup Cache (F:\NeobisProjects\NewsApplication\.gradle\buildOutputCleanup)" [_thread_blocked, id=8272, stack(0x000000dbc1a00000,0x000000dbc1b00000)]
  0x0000020d6d373000 JavaThread "Unconstrained build operations" [_thread_blocked, id=10044, stack(0x000000dbc1f00000,0x000000dbc2000000)]
  0x0000020d6d376000 JavaThread "Unconstrained build operations Thread 2" [_thread_blocked, id=2840, stack(0x000000dbc2000000,0x000000dbc2100000)]
  0x0000020d6d377000 JavaThread "Unconstrained build operations Thread 3" [_thread_blocked, id=3456, stack(0x000000dbc2100000,0x000000dbc2200000)]
  0x0000020d6d378000 JavaThread "Unconstrained build operations Thread 4" [_thread_blocked, id=4084, stack(0x000000dbc2200000,0x000000dbc2300000)]
  0x0000020d6d374800 JavaThread "Unconstrained build operations Thread 5" [_thread_blocked, id=10880, stack(0x000000dbc2300000,0x000000dbc2400000)]
  0x0000020d6d378800 JavaThread "Unconstrained build operations Thread 6" [_thread_blocked, id=10100, stack(0x000000dbc2400000,0x000000dbc2500000)]
  0x0000020d61cc4800 JavaThread "Unconstrained build operations Thread 7" [_thread_blocked, id=5736, stack(0x000000dbc2500000,0x000000dbc2600000)]
  0x0000020d61cc5000 JavaThread "Unconstrained build operations Thread 8" [_thread_blocked, id=5780, stack(0x000000dbc2600000,0x000000dbc2700000)]
  0x0000020d61cc1000 JavaThread "Unconstrained build operations Thread 9" [_thread_blocked, id=11140, stack(0x000000dbc2700000,0x000000dbc2800000)]
  0x0000020d61cc7800 JavaThread "Unconstrained build operations Thread 10" [_thread_blocked, id=6804, stack(0x000000dbc2800000,0x000000dbc2900000)]
  0x0000020d61cc2000 JavaThread "Unconstrained build operations Thread 11" [_thread_blocked, id=9724, stack(0x000000dbc2900000,0x000000dbc2a00000)]
  0x0000020d61cc2800 JavaThread "Unconstrained build operations Thread 12" [_thread_blocked, id=4884, stack(0x000000dbc2a00000,0x000000dbc2b00000)]
  0x0000020d61ccb800 JavaThread "Unconstrained build operations Thread 13" [_thread_blocked, id=7108, stack(0x000000dbc2b00000,0x000000dbc2c00000)]
  0x0000020d61cc8800 JavaThread "Unconstrained build operations Thread 14" [_thread_blocked, id=2916, stack(0x000000dbc2c00000,0x000000dbc2d00000)]
  0x0000020d61ccb000 JavaThread "Unconstrained build operations Thread 15" [_thread_blocked, id=3584, stack(0x000000dbc2d00000,0x000000dbc2e00000)]
  0x0000020d61cc9800 JavaThread "Unconstrained build operations Thread 16" [_thread_blocked, id=3840, stack(0x000000dbc2e00000,0x000000dbc2f00000)]
  0x0000020d61cc6000 JavaThread "Unconstrained build operations Thread 17" [_thread_blocked, id=7600, stack(0x000000dbc2f00000,0x000000dbc3000000)]
  0x0000020d61ccc800 JavaThread "Unconstrained build operations Thread 18" [_thread_blocked, id=4184, stack(0x000000dbc3000000,0x000000dbc3100000)]
  0x0000020d61ccd800 JavaThread "Unconstrained build operations Thread 19" [_thread_blocked, id=5732, stack(0x000000dbc3100000,0x000000dbc3200000)]
  0x0000020d61cce000 JavaThread "Unconstrained build operations Thread 20" [_thread_blocked, id=9004, stack(0x000000dbc3200000,0x000000dbc3300000)]
  0x0000020d61ccf000 JavaThread "Unconstrained build operations Thread 21" [_thread_blocked, id=7192, stack(0x000000dbc3300000,0x000000dbc3400000)]
  0x0000020d61cca000 JavaThread "Unconstrained build operations Thread 22" [_thread_blocked, id=11124, stack(0x000000dbc3400000,0x000000dbc3500000)]
  0x0000020d61cd0000 JavaThread "Unconstrained build operations Thread 23" [_thread_blocked, id=9736, stack(0x000000dbc3500000,0x000000dbc3600000)]
  0x0000020d60e17800 JavaThread "Unconstrained build operations Thread 24" [_thread_blocked, id=2500, stack(0x000000dbc3600000,0x000000dbc3700000)]
  0x0000020d60e17000 JavaThread "Unconstrained build operations Thread 25" [_thread_blocked, id=9092, stack(0x000000dbc3700000,0x000000dbc3800000)]
  0x0000020d60e19800 JavaThread "Unconstrained build operations Thread 26" [_thread_blocked, id=4620, stack(0x000000dbc3800000,0x000000dbc3900000)]
  0x0000020d60e15800 JavaThread "Unconstrained build operations Thread 27" [_thread_blocked, id=6612, stack(0x000000dbc3900000,0x000000dbc3a00000)]
  0x0000020d60e1c000 JavaThread "Unconstrained build operations Thread 28" [_thread_blocked, id=3248, stack(0x000000dbc3a00000,0x000000dbc3b00000)]
  0x0000020d60e1a000 JavaThread "Unconstrained build operations Thread 29" [_thread_blocked, id=5464, stack(0x000000dbc3b00000,0x000000dbc3c00000)]
  0x0000020d60e1b000 JavaThread "Unconstrained build operations Thread 30" [_thread_blocked, id=6784, stack(0x000000dbc3c00000,0x000000dbc3d00000)]
  0x0000020d60e16000 JavaThread "Unconstrained build operations Thread 31" [_thread_blocked, id=1052, stack(0x000000dbc3d00000,0x000000dbc3e00000)]
  0x0000020d60e1c800 JavaThread "Unconstrained build operations Thread 32" [_thread_blocked, id=9880, stack(0x000000dbc3e00000,0x000000dbc3f00000)]
  0x0000020d60e23000 JavaThread "Unconstrained build operations Thread 33" [_thread_blocked, id=3300, stack(0x000000dbc3f00000,0x000000dbc4000000)]
  0x0000020d60e21800 JavaThread "Unconstrained build operations Thread 34" [_thread_blocked, id=5964, stack(0x000000dbc4000000,0x000000dbc4100000)]
  0x0000020d60e1d800 JavaThread "Unconstrained build operations Thread 35" [_thread_blocked, id=7496, stack(0x000000dbc4100000,0x000000dbc4200000)]
  0x0000020d60e20800 JavaThread "Unconstrained build operations Thread 36" [_thread_blocked, id=2728, stack(0x000000dbc4200000,0x000000dbc4300000)]
  0x0000020d60e24000 JavaThread "Unconstrained build operations Thread 37" [_thread_blocked, id=9596, stack(0x000000dbc4300000,0x000000dbc4400000)]
  0x0000020d60e1f000 JavaThread "Unconstrained build operations Thread 38" [_thread_blocked, id=1352, stack(0x000000dbc4400000,0x000000dbc4500000)]
  0x0000020d60e20000 JavaThread "Unconstrained build operations Thread 39" [_thread_blocked, id=6468, stack(0x000000dbc4500000,0x000000dbc4600000)]
  0x0000020d5ee7b800 JavaThread "Unconstrained build operations Thread 40" [_thread_blocked, id=3652, stack(0x000000dbc4600000,0x000000dbc4700000)]

Other Threads:
  0x0000020d5d799000 VMThread "VM Thread" [stack: 0x000000dbbf700000,0x000000dbbf800000] [id=3176]
  0x0000020d5e2ea800 WatcherThread [stack: 0x000000dbc0100000,0x000000dbc0200000] [id=2196]
  0x0000020d43481000 GCTaskThread "GC Thread#0" [stack: 0x000000dbbf200000,0x000000dbbf300000] [id=8556]
  0x0000020d5e9e8000 GCTaskThread "GC Thread#1" [stack: 0x000000dbc0200000,0x000000dbc0300000] [id=6868]
  0x0000020d5e37f800 GCTaskThread "GC Thread#2" [stack: 0x000000dbc0300000,0x000000dbc0400000] [id=3544]
  0x0000020d60620800 GCTaskThread "GC Thread#3" [stack: 0x000000dbc1000000,0x000000dbc1100000] [id=1168]
  0x0000020d434b4800 ConcurrentGCThread "G1 Main Marker" [stack: 0x000000dbbf300000,0x000000dbbf400000] [id=8212]
  0x0000020d434b6000 ConcurrentGCThread "G1 Conc#0" [stack: 0x000000dbbf400000,0x000000dbbf500000] [id=984]
  0x0000020d43546800 ConcurrentGCThread "G1 Refine#0" [stack: 0x000000dbbf500000,0x000000dbbf600000] [id=8664]
  0x0000020d43547800 ConcurrentGCThread "G1 Young RemSet Sampling" [stack: 0x000000dbbf600000,0x000000dbbf700000] [id=8220]

Threads with active compile tasks:
C2 CompilerThread02789323 25998   !   4       java.util.jar.Attributes::read (390 bytes)

VM state:not at safepoint (normal execution)

VM Mutex/Monitor currently owned by a thread: None

Heap address: 0x0000000080000000, size: 2048 MB, Compressed Oops mode: 32-bit
Narrow klass base: 0x0000000000000000, Narrow klass shift: 3
Compressed class space size: 1073741824 Address: 0x0000000100000000

Heap:
 garbage-first heap   total 319488K, used 254586K [0x0000000080000000, 0x0000000100000000)
  region size 1024K, 6 young (6144K), 4 survivors (4096K)
 Metaspace       used 166740K, capacity 171742K, committed 171992K, reserved 1198080K
  class space    used 20505K, capacity 22398K, committed 22488K, reserved 1048576K
Heap Regions: E=young(eden), S=young(survivor), O=old, HS=humongous(starts), HC=humongous(continues), CS=collection set, F=free, A=archive, TAMS=top-at-mark-start (previous, next)
|   0|0x0000000080000000, 0x0000000080100000, 0x0000000080100000|100%| O|  |TAMS 0x0000000080100000, 0x0000000080000000| Untracked 
|   1|0x0000000080100000, 0x0000000080200000, 0x0000000080200000|100%| O|  |TAMS 0x0000000080200000, 0x0000000080100000| Untracked 
|   2|0x0000000080200000, 0x0000000080300000, 0x0000000080300000|100%| O|  |TAMS 0x0000000080300000, 0x0000000080200000| Untracked 
|   3|0x0000000080300000, 0x0000000080400000, 0x0000000080400000|100%|HS|  |TAMS 0x0000000080400000, 0x0000000080300000| Complete 
|   4|0x0000000080400000, 0x0000000080500000, 0x0000000080500000|100%|HC|  |TAMS 0x0000000080500000, 0x0000000080400000| Complete 
|   5|0x0000000080500000, 0x0000000080600000, 0x0000000080600000|100%|HC|  |TAMS 0x0000000080600000, 0x0000000080500000| Complete 
|   6|0x0000000080600000, 0x0000000080700000, 0x0000000080700000|100%| O|  |TAMS 0x0000000080700000, 0x0000000080600000| Untracked 
|   7|0x0000000080700000, 0x0000000080800000, 0x0000000080800000|100%| O|  |TAMS 0x0000000080800000, 0x0000000080700000| Untracked 
|   8|0x0000000080800000, 0x0000000080900000, 0x0000000080900000|100%| O|  |TAMS 0x0000000080900000, 0x0000000080800000| Untracked 
|   9|0x0000000080900000, 0x0000000080a00000, 0x0000000080a00000|100%| O|  |TAMS 0x0000000080a00000, 0x0000000080900000| Untracked 
|  10|0x0000000080a00000, 0x0000000080b00000, 0x0000000080b00000|100%| O|  |TAMS 0x0000000080b00000, 0x0000000080a00000| Untracked 
|  11|0x0000000080b00000, 0x0000000080c00000, 0x0000000080c00000|100%| O|  |TAMS 0x0000000080c00000, 0x0000000080b00000| Untracked 
|  12|0x0000000080c00000, 0x0000000080d00000, 0x0000000080d00000|100%| O|  |TAMS 0x0000000080d00000, 0x0000000080c00000| Untracked 
|  13|0x0000000080d00000, 0x0000000080e00000, 0x0000000080e00000|100%| O|  |TAMS 0x0000000080e00000, 0x0000000080d00000| Untracked 
|  14|0x0000000080e00000, 0x0000000080f00000, 0x0000000080f00000|100%|HS|  |TAMS 0x0000000080f00000, 0x0000000080e00000| Complete 
|  15|0x0000000080f00000, 0x0000000081000000, 0x0000000081000000|100%|HC|  |TAMS 0x0000000081000000, 0x0000000080f00000| Complete 
|  16|0x0000000081000000, 0x0000000081100000, 0x0000000081100000|100%|HS|  |TAMS 0x0000000081100000, 0x0000000081000000| Complete 
|  17|0x0000000081100000, 0x0000000081200000, 0x0000000081200000|100%|HC|  |TAMS 0x0000000081200000, 0x0000000081100000| Complete 
|  18|0x0000000081200000, 0x0000000081300000, 0x0000000081300000|100%|HC|  |TAMS 0x0000000081300000, 0x0000000081200000| Complete 
|  19|0x0000000081300000, 0x0000000081400000, 0x0000000081400000|100%|HS|  |TAMS 0x0000000081400000, 0x0000000081300000| Complete 
|  20|0x0000000081400000, 0x0000000081500000, 0x0000000081500000|100%|HS|  |TAMS 0x0000000081500000, 0x0000000081400000| Complete 
|  21|0x0000000081500000, 0x0000000081600000, 0x0000000081600000|100%|HC|  |TAMS 0x0000000081600000, 0x0000000081500000| Complete 
|  22|0x0000000081600000, 0x0000000081700000, 0x0000000081700000|100%|HC|  |TAMS 0x0000000081700000, 0x0000000081600000| Complete 
|  23|0x0000000081700000, 0x0000000081800000, 0x0000000081800000|100%|HC|  |TAMS 0x0000000081800000, 0x0000000081700000| Complete 
|  24|0x0000000081800000, 0x0000000081900000, 0x0000000081900000|100%| O|  |TAMS 0x0000000081900000, 0x0000000081800000| Untracked 
|  25|0x0000000081900000, 0x0000000081a00000, 0x0000000081a00000|100%| O|  |TAMS 0x0000000081a00000, 0x0000000081900000| Untracked 
|  26|0x0000000081a00000, 0x0000000081b00000, 0x0000000081b00000|100%| O|  |TAMS 0x0000000081b00000, 0x0000000081a00000| Untracked 
|  27|0x0000000081b00000, 0x0000000081c00000, 0x0000000081c00000|100%|HS|  |TAMS 0x0000000081c00000, 0x0000000081b00000| Complete 
|  28|0x0000000081c00000, 0x0000000081d00000, 0x0000000081d00000|100%|HC|  |TAMS 0x0000000081d00000, 0x0000000081c00000| Complete 
|  29|0x0000000081d00000, 0x0000000081e00000, 0x0000000081e00000|100%|HC|  |TAMS 0x0000000081e00000, 0x0000000081d00000| Complete 
|  30|0x0000000081e00000, 0x0000000081f00000, 0x0000000081f00000|100%| O|  |TAMS 0x0000000081f00000, 0x0000000081e00000| Untracked 
|  31|0x0000000081f00000, 0x0000000082000000, 0x0000000082000000|100%| O|  |TAMS 0x0000000082000000, 0x0000000081f00000| Untracked 
|  32|0x0000000082000000, 0x0000000082100000, 0x0000000082100000|100%| O|  |TAMS 0x0000000082100000, 0x0000000082000000| Untracked 
|  33|0x0000000082100000, 0x0000000082200000, 0x0000000082200000|100%| O|  |TAMS 0x0000000082200000, 0x0000000082100000| Untracked 
|  34|0x0000000082200000, 0x0000000082300000, 0x0000000082300000|100%|HS|  |TAMS 0x0000000082300000, 0x0000000082200000| Complete 
|  35|0x0000000082300000, 0x0000000082400000, 0x0000000082400000|100%| O|  |TAMS 0x0000000082400000, 0x0000000082300000| Untracked 
|  36|0x0000000082400000, 0x0000000082500000, 0x0000000082500000|100%| O|  |TAMS 0x0000000082500000, 0x0000000082400000| Untracked 
|  37|0x0000000082500000, 0x0000000082600000, 0x0000000082600000|100%| O|  |TAMS 0x0000000082600000, 0x0000000082500000| Untracked 
|  38|0x0000000082600000, 0x0000000082700000, 0x0000000082700000|100%| O|  |TAMS 0x0000000082700000, 0x0000000082600000| Untracked 
|  39|0x0000000082700000, 0x0000000082800000, 0x0000000082800000|100%| O|  |TAMS 0x0000000082800000, 0x0000000082700000| Untracked 
|  40|0x0000000082800000, 0x0000000082900000, 0x0000000082900000|100%|HS|  |TAMS 0x0000000082900000, 0x0000000082800000| Complete 
|  41|0x0000000082900000, 0x0000000082a00000, 0x0000000082a00000|100%|HC|  |TAMS 0x0000000082a00000, 0x0000000082900000| Complete 
|  42|0x0000000082a00000, 0x0000000082b00000, 0x0000000082b00000|100%|HC|  |TAMS 0x0000000082b00000, 0x0000000082a00000| Complete 
|  43|0x0000000082b00000, 0x0000000082c00000, 0x0000000082c00000|100%|HC|  |TAMS 0x0000000082c00000, 0x0000000082b00000| Complete 
|  44|0x0000000082c00000, 0x0000000082d00000, 0x0000000082d00000|100%| O|  |TAMS 0x0000000082d00000, 0x0000000082c00000| Untracked 
|  45|0x0000000082d00000, 0x0000000082e00000, 0x0000000082e00000|100%| O|  |TAMS 0x0000000082e00000, 0x0000000082d00000| Untracked 
|  46|0x0000000082e00000, 0x0000000082f00000, 0x0000000082f00000|100%| O|  |TAMS 0x0000000082f00000, 0x0000000082e00000| Untracked 
|  47|0x0000000082f00000, 0x0000000083000000, 0x0000000083000000|100%|HS|  |TAMS 0x0000000083000000, 0x0000000082f00000| Complete 
|  48|0x0000000083000000, 0x0000000083100000, 0x0000000083100000|100%|HS|  |TAMS 0x0000000083100000, 0x0000000083000000| Complete 
|  49|0x0000000083100000, 0x0000000083200000, 0x0000000083200000|100%|HS|  |TAMS 0x0000000083200000, 0x0000000083100000| Complete 
|  50|0x0000000083200000, 0x0000000083300000, 0x0000000083300000|100%|HS|  |TAMS 0x0000000083300000, 0x0000000083200000| Complete 
|  51|0x0000000083300000, 0x0000000083400000, 0x0000000083400000|100%|HC|  |TAMS 0x0000000083400000, 0x0000000083300000| Complete 
|  52|0x0000000083400000, 0x0000000083500000, 0x0000000083500000|100%|HC|  |TAMS 0x0000000083500000, 0x0000000083400000| Complete 
|  53|0x0000000083500000, 0x0000000083600000, 0x0000000083600000|100%|HS|  |TAMS 0x0000000083600000, 0x0000000083500000| Complete 
|  54|0x0000000083600000, 0x0000000083700000, 0x0000000083700000|100%|HC|  |TAMS 0x0000000083700000, 0x0000000083600000| Complete 
|  55|0x0000000083700000, 0x0000000083800000, 0x0000000083800000|100%| O|  |TAMS 0x0000000083800000, 0x0000000083700000| Untracked 
|  56|0x0000000083800000, 0x0000000083900000, 0x0000000083900000|100%| O|  |TAMS 0x0000000083900000, 0x0000000083800000| Untracked 
|  57|0x0000000083900000, 0x0000000083a00000, 0x0000000083a00000|100%| O|  |TAMS 0x0000000083a00000, 0x0000000083900000| Untracked 
|  58|0x0000000083a00000, 0x0000000083b00000, 0x0000000083b00000|100%| O|  |TAMS 0x0000000083b00000, 0x0000000083a00000| Untracked 
|  59|0x0000000083b00000, 0x0000000083c00000, 0x0000000083c00000|100%| O|  |TAMS 0x0000000083c00000, 0x0000000083b00000| Untracked 
|  60|0x0000000083c00000, 0x0000000083d00000, 0x0000000083d00000|100%| O|  |TAMS 0x0000000083d00000, 0x0000000083c00000| Untracked 
|  61|0x0000000083d00000, 0x0000000083e00000, 0x0000000083e00000|100%| O|  |TAMS 0x0000000083e00000, 0x0000000083d00000| Untracked 
|  62|0x0000000083e00000, 0x0000000083f00000, 0x0000000083f00000|100%| O|  |TAMS 0x0000000083f00000, 0x0000000083e00000| Untracked 
|  63|0x0000000083f00000, 0x0000000084000000, 0x0000000084000000|100%| O|  |TAMS 0x0000000084000000, 0x0000000083f00000| Untracked 
|  64|0x0000000084000000, 0x0000000084100000, 0x0000000084100000|100%| O|  |TAMS 0x0000000084100000, 0x0000000084000000| Untracked 
|  65|0x0000000084100000, 0x0000000084200000, 0x0000000084200000|100%| O|  |TAMS 0x0000000084200000, 0x0000000084100000| Untracked 
|  66|0x0000000084200000, 0x0000000084300000, 0x0000000084300000|100%| O|  |TAMS 0x0000000084300000, 0x0000000084200000| Untracked 
|  67|0x0000000084300000, 0x0000000084400000, 0x0000000084400000|100%| O|  |TAMS 0x0000000084400000, 0x0000000084300000| Untracked 
|  68|0x0000000084400000, 0x0000000084500000, 0x0000000084500000|100%| O|  |TAMS 0x0000000084500000, 0x0000000084400000| Untracked 
|  69|0x0000000084500000, 0x0000000084600000, 0x0000000084600000|100%| O|  |TAMS 0x0000000084600000, 0x0000000084500000| Untracked 
|  70|0x0000000084600000, 0x0000000084700000, 0x0000000084700000|100%| O|  |TAMS 0x0000000084700000, 0x0000000084600000| Untracked 
|  71|0x0000000084700000, 0x0000000084800000, 0x0000000084800000|100%| O|  |TAMS 0x0000000084800000, 0x0000000084700000| Untracked 
|  72|0x0000000084800000, 0x0000000084900000, 0x0000000084900000|100%| O|  |TAMS 0x0000000084900000, 0x0000000084800000| Untracked 
|  73|0x0000000084900000, 0x0000000084a00000, 0x0000000084a00000|100%| O|  |TAMS 0x0000000084a00000, 0x0000000084900000| Untracked 
|  74|0x0000000084a00000, 0x0000000084b00000, 0x0000000084b00000|100%| O|  |TAMS 0x0000000084b00000, 0x0000000084a00000| Untracked 
|  75|0x0000000084b00000, 0x0000000084c00000, 0x0000000084c00000|100%| O|  |TAMS 0x0000000084c00000, 0x0000000084b00000| Untracked 
|  76|0x0000000084c00000, 0x0000000084d00000, 0x0000000084d00000|100%| O|  |TAMS 0x0000000084d00000, 0x0000000084c00000| Untracked 
|  77|0x0000000084d00000, 0x0000000084e00000, 0x0000000084e00000|100%| O|  |TAMS 0x0000000084e00000, 0x0000000084d00000| Untracked 
|  78|0x0000000084e00000, 0x0000000084f00000, 0x0000000084f00000|100%| O|  |TAMS 0x0000000084f00000, 0x0000000084e00000| Untracked 
|  79|0x0000000084f00000, 0x0000000085000000, 0x0000000085000000|100%| O|  |TAMS 0x0000000085000000, 0x0000000084f00000| Untracked 
|  80|0x0000000085000000, 0x0000000085100000, 0x0000000085100000|100%| O|  |TAMS 0x0000000085100000, 0x0000000085000000| Untracked 
|  81|0x0000000085100000, 0x0000000085200000, 0x0000000085200000|100%| O|  |TAMS 0x0000000085200000, 0x0000000085100000| Untracked 
|  82|0x0000000085200000, 0x0000000085300000, 0x0000000085300000|100%| O|  |TAMS 0x0000000085300000, 0x0000000085200000| Untracked 
|  83|0x0000000085300000, 0x0000000085400000, 0x0000000085400000|100%| O|  |TAMS 0x0000000085400000, 0x0000000085300000| Untracked 
|  84|0x0000000085400000, 0x0000000085500000, 0x0000000085500000|100%| O|  |TAMS 0x0000000085500000, 0x0000000085400000| Untracked 
|  85|0x0000000085500000, 0x0000000085600000, 0x0000000085600000|100%| O|  |TAMS 0x0000000085600000, 0x0000000085500000| Untracked 
|  86|0x0000000085600000, 0x0000000085700000, 0x0000000085700000|100%| O|  |TAMS 0x0000000085700000, 0x0000000085600000| Untracked 
|  87|0x0000000085700000, 0x0000000085800000, 0x0000000085800000|100%| O|  |TAMS 0x0000000085800000, 0x0000000085700000| Untracked 
|  88|0x0000000085800000, 0x0000000085900000, 0x0000000085900000|100%| O|  |TAMS 0x0000000085900000, 0x0000000085800000| Untracked 
|  89|0x0000000085900000, 0x0000000085a00000, 0x0000000085a00000|100%| O|  |TAMS 0x0000000085a00000, 0x0000000085900000| Untracked 
|  90|0x0000000085a00000, 0x0000000085b00000, 0x0000000085b00000|100%| O|  |TAMS 0x0000000085b00000, 0x0000000085a00000| Untracked 
|  91|0x0000000085b00000, 0x0000000085c00000, 0x0000000085c00000|100%| O|  |TAMS 0x0000000085c00000, 0x0000000085b00000| Untracked 
|  92|0x0000000085c00000, 0x0000000085d00000, 0x0000000085d00000|100%| O|  |TAMS 0x0000000085d00000, 0x0000000085c00000| Untracked 
|  93|0x0000000085d00000, 0x0000000085e00000, 0x0000000085e00000|100%|HS|  |TAMS 0x0000000085e00000, 0x0000000085d00000| Complete 
|  94|0x0000000085e00000, 0x0000000085f00000, 0x0000000085f00000|100%|HC|  |TAMS 0x0000000085f00000, 0x0000000085e00000| Complete 
|  95|0x0000000085f00000, 0x0000000086000000, 0x0000000086000000|100%|HS|  |TAMS 0x0000000086000000, 0x0000000085f00000| Complete 
|  96|0x0000000086000000, 0x0000000086100000, 0x0000000086100000|100%|HC|  |TAMS 0x0000000086100000, 0x0000000086000000| Complete 
|  97|0x0000000086100000, 0x0000000086200000, 0x0000000086200000|100%|HC|  |TAMS 0x0000000086200000, 0x0000000086100000| Complete 
|  98|0x0000000086200000, 0x0000000086300000, 0x0000000086300000|100%|HS|  |TAMS 0x0000000086300000, 0x0000000086200000| Complete 
|  99|0x0000000086300000, 0x0000000086400000, 0x0000000086400000|100%|HS|  |TAMS 0x0000000086400000, 0x0000000086300000| Complete 
| 100|0x0000000086400000, 0x0000000086500000, 0x0000000086500000|100%|HC|  |TAMS 0x0000000086500000, 0x0000000086400000| Complete 
| 101|0x0000000086500000, 0x0000000086600000, 0x0000000086600000|100%|HC|  |TAMS 0x0000000086600000, 0x0000000086500000| Complete 
| 102|0x0000000086600000, 0x0000000086700000, 0x0000000086700000|100%|HC|  |TAMS 0x0000000086700000, 0x0000000086600000| Complete 
| 103|0x0000000086700000, 0x0000000086800000, 0x0000000086800000|100%| O|  |TAMS 0x0000000086800000, 0x0000000086700000| Untracked 
| 104|0x0000000086800000, 0x0000000086900000, 0x0000000086900000|100%| O|  |TAMS 0x0000000086900000, 0x0000000086800000| Untracked 
| 105|0x0000000086900000, 0x0000000086a00000, 0x0000000086a00000|100%| O|  |TAMS 0x0000000086a00000, 0x0000000086900000| Untracked 
| 106|0x0000000086a00000, 0x0000000086b00000, 0x0000000086b00000|100%| O|  |TAMS 0x0000000086b00000, 0x0000000086a00000| Untracked 
| 107|0x0000000086b00000, 0x0000000086c00000, 0x0000000086c00000|100%| O|  |TAMS 0x0000000086c00000, 0x0000000086b00000| Untracked 
| 108|0x0000000086c00000, 0x0000000086d00000, 0x0000000086d00000|100%| O|  |TAMS 0x0000000086d00000, 0x0000000086c00000| Untracked 
| 109|0x0000000086d00000, 0x0000000086e00000, 0x0000000086e00000|100%| O|  |TAMS 0x0000000086d00000, 0x0000000086d00000| Untracked 
| 110|0x0000000086e00000, 0x0000000086f00000, 0x0000000086f00000|100%| O|  |TAMS 0x0000000086f00000, 0x0000000086e00000| Untracked 
| 111|0x0000000086f00000, 0x0000000087000000, 0x0000000087000000|100%| O|  |TAMS 0x0000000087000000, 0x0000000086f00000| Untracked 
| 112|0x0000000087000000, 0x0000000087100000, 0x0000000087100000|100%| O|  |TAMS 0x0000000087100000, 0x0000000087000000| Untracked 
| 113|0x0000000087100000, 0x0000000087200000, 0x0000000087200000|100%| O|  |TAMS 0x0000000087200000, 0x0000000087100000| Untracked 
| 114|0x0000000087200000, 0x0000000087300000, 0x0000000087300000|100%| O|  |TAMS 0x0000000087300000, 0x0000000087200000| Untracked 
| 115|0x0000000087300000, 0x0000000087400000, 0x0000000087400000|100%| O|  |TAMS 0x0000000087300000, 0x0000000087300000| Untracked 
| 116|0x0000000087400000, 0x0000000087500000, 0x0000000087500000|100%| O|  |TAMS 0x0000000087500000, 0x0000000087400000| Untracked 
| 117|0x0000000087500000, 0x0000000087600000, 0x0000000087600000|100%| O|  |TAMS 0x0000000087600000, 0x0000000087500000| Untracked 
| 118|0x0000000087600000, 0x0000000087700000, 0x0000000087700000|100%| O|  |TAMS 0x0000000087700000, 0x0000000087600000| Untracked 
| 119|0x0000000087700000, 0x0000000087800000, 0x0000000087800000|100%| O|  |TAMS 0x0000000087800000, 0x0000000087700000| Untracked 
| 120|0x0000000087800000, 0x0000000087900000, 0x0000000087900000|100%| O|  |TAMS 0x0000000087900000, 0x0000000087800000| Untracked 
| 121|0x0000000087900000, 0x0000000087a00000, 0x0000000087a00000|100%| O|  |TAMS 0x0000000087a00000, 0x0000000087900000| Untracked 
| 122|0x0000000087a00000, 0x0000000087b00000, 0x0000000087b00000|100%| O|  |TAMS 0x0000000087b00000, 0x0000000087a00000| Untracked 
| 123|0x0000000087b00000, 0x0000000087c00000, 0x0000000087c00000|100%| O|  |TAMS 0x0000000087b00000, 0x0000000087b00000| Untracked 
| 124|0x0000000087c00000, 0x0000000087d00000, 0x0000000087d00000|100%| O|  |TAMS 0x0000000087d00000, 0x0000000087c00000| Untracked 
| 125|0x0000000087d00000, 0x0000000087e00000, 0x0000000087e00000|100%| O|  |TAMS 0x0000000087e00000, 0x0000000087d00000| Untracked 
| 126|0x0000000087e00000, 0x0000000087f00000, 0x0000000087f00000|100%| O|  |TAMS 0x0000000087f00000, 0x0000000087e00000| Untracked 
| 127|0x0000000087f00000, 0x0000000088000000, 0x0000000088000000|100%| O|  |TAMS 0x0000000088000000, 0x0000000087f00000| Untracked 
| 128|0x0000000088000000, 0x0000000088100000, 0x0000000088100000|100%| O|  |TAMS 0x0000000088100000, 0x0000000088000000| Untracked 
| 129|0x0000000088100000, 0x0000000088200000, 0x0000000088200000|100%| O|  |TAMS 0x0000000088200000, 0x0000000088100000| Untracked 
| 130|0x0000000088200000, 0x0000000088300000, 0x0000000088300000|100%| O|  |TAMS 0x0000000088300000, 0x0000000088200000| Untracked 
| 131|0x0000000088300000, 0x0000000088400000, 0x0000000088400000|100%| O|  |TAMS 0x0000000088400000, 0x0000000088300000| Untracked 
| 132|0x0000000088400000, 0x0000000088500000, 0x0000000088500000|100%| O|  |TAMS 0x0000000088500000, 0x0000000088400000| Untracked 
| 133|0x0000000088500000, 0x0000000088600000, 0x0000000088600000|100%| O|  |TAMS 0x0000000088600000, 0x0000000088500000| Untracked 
| 134|0x0000000088600000, 0x0000000088700000, 0x0000000088700000|100%| O|  |TAMS 0x0000000088700000, 0x0000000088600000| Untracked 
| 135|0x0000000088700000, 0x0000000088800000, 0x0000000088800000|100%| O|  |TAMS 0x0000000088800000, 0x0000000088700000| Untracked 
| 136|0x0000000088800000, 0x0000000088900000, 0x0000000088900000|100%| O|  |TAMS 0x0000000088900000, 0x0000000088800000| Untracked 
| 137|0x0000000088900000, 0x0000000088a00000, 0x0000000088a00000|100%| O|  |TAMS 0x0000000088a00000, 0x0000000088900000| Untracked 
| 138|0x0000000088a00000, 0x0000000088b00000, 0x0000000088b00000|100%| O|  |TAMS 0x0000000088b00000, 0x0000000088a00000| Untracked 
| 139|0x0000000088b00000, 0x0000000088c00000, 0x0000000088c00000|100%| O|  |TAMS 0x0000000088c00000, 0x0000000088b00000| Untracked 
| 140|0x0000000088c00000, 0x0000000088d00000, 0x0000000088d00000|100%| O|  |TAMS 0x0000000088d00000, 0x0000000088c00000| Untracked 
| 141|0x0000000088d00000, 0x0000000088e00000, 0x0000000088e00000|100%| O|  |TAMS 0x0000000088e00000, 0x0000000088d00000| Untracked 
| 142|0x0000000088e00000, 0x0000000088f00000, 0x0000000088f00000|100%| O|  |TAMS 0x0000000088f00000, 0x0000000088e00000| Untracked 
| 143|0x0000000088f00000, 0x0000000089000000, 0x0000000089000000|100%| O|  |TAMS 0x0000000089000000, 0x0000000088f00000| Untracked 
| 144|0x0000000089000000, 0x0000000089100000, 0x0000000089100000|100%| O|  |TAMS 0x0000000089100000, 0x0000000089000000| Untracked 
| 145|0x0000000089100000, 0x0000000089200000, 0x0000000089200000|100%| O|  |TAMS 0x0000000089200000, 0x0000000089100000| Untracked 
| 146|0x0000000089200000, 0x0000000089300000, 0x0000000089300000|100%| O|  |TAMS 0x0000000089300000, 0x0000000089200000| Untracked 
| 147|0x0000000089300000, 0x0000000089400000, 0x0000000089400000|100%| O|  |TAMS 0x0000000089400000, 0x0000000089300000| Untracked 
| 148|0x0000000089400000, 0x0000000089500000, 0x0000000089500000|100%| O|  |TAMS 0x0000000089500000, 0x0000000089400000| Untracked 
| 149|0x0000000089500000, 0x0000000089600000, 0x0000000089600000|100%| O|  |TAMS 0x0000000089600000, 0x0000000089500000| Untracked 
| 150|0x0000000089600000, 0x0000000089700000, 0x0000000089700000|100%| O|  |TAMS 0x0000000089700000, 0x0000000089600000| Untracked 
| 151|0x0000000089700000, 0x0000000089800000, 0x0000000089800000|100%| O|  |TAMS 0x0000000089700000, 0x0000000089700000| Untracked 
| 152|0x0000000089800000, 0x0000000089900000, 0x0000000089900000|100%| O|  |TAMS 0x0000000089900000, 0x0000000089800000| Untracked 
| 153|0x0000000089900000, 0x0000000089a00000, 0x0000000089a00000|100%| O|  |TAMS 0x0000000089a00000, 0x0000000089900000| Untracked 
| 154|0x0000000089a00000, 0x0000000089b00000, 0x0000000089b00000|100%| O|  |TAMS 0x0000000089b00000, 0x0000000089a00000| Untracked 
| 155|0x0000000089b00000, 0x0000000089c00000, 0x0000000089c00000|100%| O|  |TAMS 0x0000000089c00000, 0x0000000089b00000| Untracked 
| 156|0x0000000089c00000, 0x0000000089d00000, 0x0000000089d00000|100%| O|  |TAMS 0x0000000089d00000, 0x0000000089c00000| Untracked 
| 157|0x0000000089d00000, 0x0000000089e00000, 0x0000000089e00000|100%| O|  |TAMS 0x0000000089e00000, 0x0000000089d00000| Untracked 
| 158|0x0000000089e00000, 0x0000000089f00000, 0x0000000089f00000|100%| O|  |TAMS 0x0000000089f00000, 0x0000000089e00000| Untracked 
| 159|0x0000000089f00000, 0x000000008a000000, 0x000000008a000000|100%| O|  |TAMS 0x000000008a000000, 0x0000000089f00000| Untracked 
| 160|0x000000008a000000, 0x000000008a100000, 0x000000008a100000|100%| O|  |TAMS 0x000000008a100000, 0x000000008a000000| Untracked 
| 161|0x000000008a100000, 0x000000008a200000, 0x000000008a200000|100%| O|  |TAMS 0x000000008a200000, 0x000000008a100000| Untracked 
| 162|0x000000008a200000, 0x000000008a300000, 0x000000008a300000|100%| O|  |TAMS 0x000000008a200000, 0x000000008a200000| Untracked 
| 163|0x000000008a300000, 0x000000008a400000, 0x000000008a400000|100%| O|  |TAMS 0x000000008a300000, 0x000000008a300000| Untracked 
| 164|0x000000008a400000, 0x000000008a500000, 0x000000008a500000|100%| O|  |TAMS 0x000000008a400000, 0x000000008a400000| Untracked 
| 165|0x000000008a500000, 0x000000008a600000, 0x000000008a600000|100%|HS|  |TAMS 0x000000008a500000, 0x000000008a500000| Complete 
| 166|0x000000008a600000, 0x000000008a700000, 0x000000008a700000|100%|HC|  |TAMS 0x000000008a600000, 0x000000008a600000| Complete 
| 167|0x000000008a700000, 0x000000008a800000, 0x000000008a800000|100%|HC|  |TAMS 0x000000008a700000, 0x000000008a700000| Complete 
| 168|0x000000008a800000, 0x000000008a900000, 0x000000008a900000|100%|HC|  |TAMS 0x000000008a800000, 0x000000008a800000| Complete 
| 169|0x000000008a900000, 0x000000008aa00000, 0x000000008aa00000|100%| O|  |TAMS 0x000000008a900000, 0x000000008a900000| Untracked 
| 170|0x000000008aa00000, 0x000000008ab00000, 0x000000008ab00000|100%| O|  |TAMS 0x000000008aa00000, 0x000000008aa00000| Untracked 
| 171|0x000000008ab00000, 0x000000008ac00000, 0x000000008ac00000|100%| O|  |TAMS 0x000000008ab00000, 0x000000008ab00000| Untracked 
| 172|0x000000008ac00000, 0x000000008ad00000, 0x000000008ad00000|100%| O|  |TAMS 0x000000008ac00000, 0x000000008ac00000| Untracked 
| 173|0x000000008ad00000, 0x000000008ae00000, 0x000000008ae00000|100%| O|  |TAMS 0x000000008ad00000, 0x000000008ad00000| Untracked 
| 174|0x000000008ae00000, 0x000000008af00000, 0x000000008af00000|100%| O|  |TAMS 0x000000008ae00000, 0x000000008ae00000| Untracked 
| 175|0x000000008af00000, 0x000000008b000000, 0x000000008b000000|100%| O|  |TAMS 0x000000008af00000, 0x000000008af00000| Untracked 
| 176|0x000000008b000000, 0x000000008b100000, 0x000000008b100000|100%| O|  |TAMS 0x000000008b000000, 0x000000008b000000| Untracked 
| 177|0x000000008b100000, 0x000000008b200000, 0x000000008b200000|100%| O|  |TAMS 0x000000008b100000, 0x000000008b100000| Untracked 
| 178|0x000000008b200000, 0x000000008b300000, 0x000000008b300000|100%| O|  |TAMS 0x000000008b200000, 0x000000008b200000| Untracked 
| 179|0x000000008b300000, 0x000000008b400000, 0x000000008b400000|100%| O|  |TAMS 0x000000008b300000, 0x000000008b300000| Untracked 
| 180|0x000000008b400000, 0x000000008b500000, 0x000000008b500000|100%| O|  |TAMS 0x000000008b400000, 0x000000008b400000| Untracked 
| 181|0x000000008b500000, 0x000000008b600000, 0x000000008b600000|100%| O|  |TAMS 0x000000008b500000, 0x000000008b500000| Untracked 
| 182|0x000000008b600000, 0x000000008b700000, 0x000000008b700000|100%| O|  |TAMS 0x000000008b600000, 0x000000008b600000| Untracked 
| 183|0x000000008b700000, 0x000000008b800000, 0x000000008b800000|100%| O|  |TAMS 0x000000008b700000, 0x000000008b700000| Untracked 
| 184|0x000000008b800000, 0x000000008b900000, 0x000000008b900000|100%| O|  |TAMS 0x000000008b800000, 0x000000008b800000| Untracked 
| 185|0x000000008b900000, 0x000000008ba00000, 0x000000008ba00000|100%| O|  |TAMS 0x000000008b900000, 0x000000008b900000| Untracked 
| 186|0x000000008ba00000, 0x000000008bb00000, 0x000000008bb00000|100%| O|  |TAMS 0x000000008ba00000, 0x000000008ba00000| Untracked 
| 187|0x000000008bb00000, 0x000000008bc00000, 0x000000008bc00000|100%| O|  |TAMS 0x000000008bb00000, 0x000000008bb00000| Untracked 
| 188|0x000000008bc00000, 0x000000008bd00000, 0x000000008bd00000|100%| O|  |TAMS 0x000000008bc00000, 0x000000008bc00000| Untracked 
| 189|0x000000008bd00000, 0x000000008be00000, 0x000000008be00000|100%| O|  |TAMS 0x000000008bd00000, 0x000000008bd00000| Untracked 
| 190|0x000000008be00000, 0x000000008bf00000, 0x000000008bf00000|100%| O|  |TAMS 0x000000008be00000, 0x000000008be00000| Untracked 
| 191|0x000000008bf00000, 0x000000008c000000, 0x000000008c000000|100%| O|  |TAMS 0x000000008bf00000, 0x000000008bf00000| Untracked 
| 192|0x000000008c000000, 0x000000008c100000, 0x000000008c100000|100%| O|  |TAMS 0x000000008c000000, 0x000000008c000000| Untracked 
| 193|0x000000008c100000, 0x000000008c200000, 0x000000008c200000|100%| O|  |TAMS 0x000000008c100000, 0x000000008c100000| Untracked 
| 194|0x000000008c200000, 0x000000008c300000, 0x000000008c300000|100%| O|  |TAMS 0x000000008c200000, 0x000000008c200000| Untracked 
| 195|0x000000008c300000, 0x000000008c400000, 0x000000008c400000|100%| O|  |TAMS 0x000000008c300000, 0x000000008c300000| Untracked 
| 196|0x000000008c400000, 0x000000008c500000, 0x000000008c500000|100%| O|  |TAMS 0x000000008c400000, 0x000000008c400000| Untracked 
| 197|0x000000008c500000, 0x000000008c600000, 0x000000008c600000|100%| O|  |TAMS 0x000000008c500000, 0x000000008c500000| Untracked 
| 198|0x000000008c600000, 0x000000008c700000, 0x000000008c700000|100%| O|  |TAMS 0x000000008c600000, 0x000000008c600000| Untracked 
| 199|0x000000008c700000, 0x000000008c800000, 0x000000008c800000|100%| O|  |TAMS 0x000000008c700000, 0x000000008c700000| Untracked 
| 200|0x000000008c800000, 0x000000008c900000, 0x000000008c900000|100%| O|  |TAMS 0x000000008c800000, 0x000000008c800000| Untracked 
| 201|0x000000008c900000, 0x000000008ca00000, 0x000000008ca00000|100%| O|  |TAMS 0x000000008c900000, 0x000000008c900000| Untracked 
| 202|0x000000008ca00000, 0x000000008cb00000, 0x000000008cb00000|100%| O|  |TAMS 0x000000008ca00000, 0x000000008ca00000| Untracked 
| 203|0x000000008cb00000, 0x000000008cc00000, 0x000000008cc00000|100%| O|  |TAMS 0x000000008cb00000, 0x000000008cb00000| Untracked 
| 204|0x000000008cc00000, 0x000000008cd00000, 0x000000008cd00000|100%| O|  |TAMS 0x000000008cc00000, 0x000000008cc00000| Untracked 
| 205|0x000000008cd00000, 0x000000008ce00000, 0x000000008ce00000|100%| O|  |TAMS 0x000000008cd00000, 0x000000008cd00000| Untracked 
| 206|0x000000008ce00000, 0x000000008cf00000, 0x000000008cf00000|100%| O|  |TAMS 0x000000008ce00000, 0x000000008ce00000| Untracked 
| 207|0x000000008cf00000, 0x000000008d000000, 0x000000008d000000|100%| O|  |TAMS 0x000000008cf00000, 0x000000008cf00000| Untracked 
| 208|0x000000008d000000, 0x000000008d100000, 0x000000008d100000|100%| O|  |TAMS 0x000000008d000000, 0x000000008d000000| Untracked 
| 209|0x000000008d100000, 0x000000008d200000, 0x000000008d200000|100%| O|  |TAMS 0x000000008d100000, 0x000000008d100000| Untracked 
| 210|0x000000008d200000, 0x000000008d300000, 0x000000008d300000|100%| O|  |TAMS 0x000000008d200000, 0x000000008d200000| Untracked 
| 211|0x000000008d300000, 0x000000008d400000, 0x000000008d400000|100%| O|  |TAMS 0x000000008d300000, 0x000000008d300000| Untracked 
| 212|0x000000008d400000, 0x000000008d500000, 0x000000008d500000|100%| O|  |TAMS 0x000000008d400000, 0x000000008d400000| Untracked 
| 213|0x000000008d500000, 0x000000008d600000, 0x000000008d600000|100%| O|  |TAMS 0x000000008d500000, 0x000000008d500000| Untracked 
| 214|0x000000008d600000, 0x000000008d700000, 0x000000008d700000|100%| O|  |TAMS 0x000000008d600000, 0x000000008d600000| Untracked 
| 215|0x000000008d700000, 0x000000008d800000, 0x000000008d800000|100%| O|  |TAMS 0x000000008d700000, 0x000000008d700000| Untracked 
| 216|0x000000008d800000, 0x000000008d900000, 0x000000008d900000|100%| O|  |TAMS 0x000000008d800000, 0x000000008d800000| Untracked 
| 217|0x000000008d900000, 0x000000008da00000, 0x000000008da00000|100%| O|  |TAMS 0x000000008d900000, 0x000000008d900000| Untracked 
| 218|0x000000008da00000, 0x000000008db00000, 0x000000008db00000|100%| O|  |TAMS 0x000000008da00000, 0x000000008da00000| Untracked 
| 219|0x000000008db00000, 0x000000008dc00000, 0x000000008dc00000|100%| O|  |TAMS 0x000000008db00000, 0x000000008db00000| Untracked 
| 220|0x000000008dc00000, 0x000000008dd00000, 0x000000008dd00000|100%| O|  |TAMS 0x000000008dc00000, 0x000000008dc00000| Untracked 
| 221|0x000000008dd00000, 0x000000008de00000, 0x000000008de00000|100%| O|  |TAMS 0x000000008dd00000, 0x000000008dd00000| Untracked 
| 222|0x000000008de00000, 0x000000008df00000, 0x000000008df00000|100%| O|  |TAMS 0x000000008de00000, 0x000000008de00000| Untracked 
| 223|0x000000008df00000, 0x000000008e000000, 0x000000008e000000|100%| O|  |TAMS 0x000000008df00000, 0x000000008df00000| Untracked 
| 224|0x000000008e000000, 0x000000008e100000, 0x000000008e100000|100%| O|  |TAMS 0x000000008e000000, 0x000000008e000000| Untracked 
| 225|0x000000008e100000, 0x000000008e200000, 0x000000008e200000|100%| O|  |TAMS 0x000000008e100000, 0x000000008e100000| Untracked 
| 226|0x000000008e200000, 0x000000008e300000, 0x000000008e300000|100%| O|  |TAMS 0x000000008e200000, 0x000000008e200000| Untracked 
| 227|0x000000008e300000, 0x000000008e400000, 0x000000008e400000|100%| O|  |TAMS 0x000000008e300000, 0x000000008e300000| Untracked 
| 228|0x000000008e400000, 0x000000008e500000, 0x000000008e500000|100%| O|  |TAMS 0x000000008e400000, 0x000000008e400000| Untracked 
| 229|0x000000008e500000, 0x000000008e600000, 0x000000008e600000|100%| O|  |TAMS 0x000000008e500000, 0x000000008e500000| Untracked 
| 230|0x000000008e600000, 0x000000008e700000, 0x000000008e700000|100%| O|  |TAMS 0x000000008e600000, 0x000000008e600000| Untracked 
| 231|0x000000008e700000, 0x000000008e800000, 0x000000008e800000|100%| O|  |TAMS 0x000000008e700000, 0x000000008e700000| Untracked 
| 232|0x000000008e800000, 0x000000008e900000, 0x000000008e900000|100%| O|  |TAMS 0x000000008e800000, 0x000000008e800000| Untracked 
| 233|0x000000008e900000, 0x000000008ea00000, 0x000000008ea00000|100%| O|  |TAMS 0x000000008e900000, 0x000000008e900000| Untracked 
| 234|0x000000008ea00000, 0x000000008eb00000, 0x000000008eb00000|100%| O|  |TAMS 0x000000008ea00000, 0x000000008ea00000| Untracked 
| 235|0x000000008eb00000, 0x000000008ec00000, 0x000000008ec00000|100%| O|  |TAMS 0x000000008eb00000, 0x000000008eb00000| Untracked 
| 236|0x000000008ec00000, 0x000000008ed00000, 0x000000008ed00000|100%| O|  |TAMS 0x000000008ec00000, 0x000000008ec00000| Untracked 
| 237|0x000000008ed00000, 0x000000008ee00000, 0x000000008ee00000|100%| O|  |TAMS 0x000000008ed00000, 0x000000008ed00000| Untracked 
| 238|0x000000008ee00000, 0x000000008ef00000, 0x000000008ef00000|100%| O|  |TAMS 0x000000008ee00000, 0x000000008ee00000| Untracked 
| 239|0x000000008ef00000, 0x000000008f000000, 0x000000008f000000|100%| O|  |TAMS 0x000000008ef00000, 0x000000008ef00000| Untracked 
| 240|0x000000008f000000, 0x000000008f100000, 0x000000008f100000|100%| O|  |TAMS 0x000000008f000000, 0x000000008f000000| Untracked 
| 241|0x000000008f100000, 0x000000008f200000, 0x000000008f200000|100%| O|  |TAMS 0x000000008f100000, 0x000000008f100000| Untracked 
| 242|0x000000008f200000, 0x000000008f300000, 0x000000008f300000|100%| O|  |TAMS 0x000000008f200000, 0x000000008f200000| Untracked 
| 243|0x000000008f300000, 0x000000008f30b800, 0x000000008f400000|  4%| O|  |TAMS 0x000000008f300000, 0x000000008f300000| Untracked 
| 244|0x000000008f400000, 0x000000008f400000, 0x000000008f500000|  0%| F|  |TAMS 0x000000008f400000, 0x000000008f400000| Untracked 
| 245|0x000000008f500000, 0x000000008f500000, 0x000000008f600000|  0%| F|  |TAMS 0x000000008f500000, 0x000000008f500000| Untracked 
| 246|0x000000008f600000, 0x000000008f600000, 0x000000008f700000|  0%| F|  |TAMS 0x000000008f600000, 0x000000008f600000| Untracked 
| 247|0x000000008f700000, 0x000000008f700000, 0x000000008f800000|  0%| F|  |TAMS 0x000000008f700000, 0x000000008f700000| Untracked 
| 248|0x000000008f800000, 0x000000008f800000, 0x000000008f900000|  0%| F|  |TAMS 0x000000008f800000, 0x000000008f800000| Untracked 
| 249|0x000000008f900000, 0x000000008f900000, 0x000000008fa00000|  0%| F|  |TAMS 0x000000008f900000, 0x000000008f900000| Untracked 
| 250|0x000000008fa00000, 0x000000008fa00000, 0x000000008fb00000|  0%| F|  |TAMS 0x000000008fa00000, 0x000000008fa00000| Untracked 
| 251|0x000000008fb00000, 0x000000008fc00000, 0x000000008fc00000|100%| O|  |TAMS 0x000000008fb00000, 0x000000008fb00000| Untracked 
| 252|0x000000008fc00000, 0x000000008fc00000, 0x000000008fd00000|  0%| F|  |TAMS 0x000000008fc00000, 0x000000008fc00000| Untracked 
| 253|0x000000008fd00000, 0x000000008fd00000, 0x000000008fe00000|  0%| F|  |TAMS 0x000000008fd00000, 0x000000008fd00000| Untracked 
| 254|0x000000008fe00000, 0x000000008fe00000, 0x000000008ff00000|  0%| F|  |TAMS 0x000000008fe00000, 0x000000008fe00000| Untracked 
| 255|0x000000008ff00000, 0x000000008ff00000, 0x0000000090000000|  0%| F|  |TAMS 0x000000008ff00000, 0x000000008ff00000| Untracked 
| 256|0x0000000090000000, 0x0000000090000000, 0x0000000090100000|  0%| F|  |TAMS 0x0000000090000000, 0x0000000090000000| Untracked 
| 257|0x0000000090100000, 0x0000000090100000, 0x0000000090200000|  0%| F|  |TAMS 0x0000000090100000, 0x0000000090100000| Untracked 
| 258|0x0000000090200000, 0x0000000090200000, 0x0000000090300000|  0%| F|  |TAMS 0x0000000090200000, 0x0000000090200000| Untracked 
| 259|0x0000000090300000, 0x0000000090300000, 0x0000000090400000|  0%| F|  |TAMS 0x0000000090300000, 0x0000000090300000| Untracked 
| 260|0x0000000090400000, 0x0000000090400000, 0x0000000090500000|  0%| F|  |TAMS 0x0000000090400000, 0x0000000090400000| Untracked 
| 261|0x0000000090500000, 0x0000000090500000, 0x0000000090600000|  0%| F|  |TAMS 0x0000000090500000, 0x0000000090500000| Untracked 
| 262|0x0000000090600000, 0x0000000090600000, 0x0000000090700000|  0%| F|  |TAMS 0x0000000090600000, 0x0000000090600000| Untracked 
| 263|0x0000000090700000, 0x0000000090700000, 0x0000000090800000|  0%| F|  |TAMS 0x0000000090700000, 0x0000000090700000| Untracked 
| 264|0x0000000090800000, 0x0000000090800000, 0x0000000090900000|  0%| F|  |TAMS 0x0000000090800000, 0x0000000090800000| Untracked 
| 265|0x0000000090900000, 0x0000000090900000, 0x0000000090a00000|  0%| F|  |TAMS 0x0000000090900000, 0x0000000090900000| Untracked 
| 266|0x0000000090a00000, 0x0000000090a00000, 0x0000000090b00000|  0%| F|  |TAMS 0x0000000090a00000, 0x0000000090a00000| Untracked 
| 267|0x0000000090b00000, 0x0000000090b00000, 0x0000000090c00000|  0%| F|  |TAMS 0x0000000090b00000, 0x0000000090b00000| Untracked 
| 268|0x0000000090c00000, 0x0000000090c00000, 0x0000000090d00000|  0%| F|  |TAMS 0x0000000090c00000, 0x0000000090c00000| Untracked 
| 269|0x0000000090d00000, 0x0000000090d00000, 0x0000000090e00000|  0%| F|  |TAMS 0x0000000090d00000, 0x0000000090d00000| Untracked 
| 270|0x0000000090e00000, 0x0000000090e00000, 0x0000000090f00000|  0%| F|  |TAMS 0x0000000090e00000, 0x0000000090e00000| Untracked 
| 271|0x0000000090f00000, 0x0000000090f00000, 0x0000000091000000|  0%| F|  |TAMS 0x0000000090f00000, 0x0000000090f00000| Untracked 
| 272|0x0000000091000000, 0x0000000091000000, 0x0000000091100000|  0%| F|  |TAMS 0x0000000091000000, 0x0000000091000000| Untracked 
| 273|0x0000000091100000, 0x0000000091100000, 0x0000000091200000|  0%| F|  |TAMS 0x0000000091100000, 0x0000000091100000| Untracked 
| 274|0x0000000091200000, 0x0000000091200000, 0x0000000091300000|  0%| F|  |TAMS 0x0000000091200000, 0x0000000091200000| Untracked 
| 275|0x0000000091300000, 0x0000000091300000, 0x0000000091400000|  0%| F|  |TAMS 0x0000000091300000, 0x0000000091300000| Untracked 
| 276|0x0000000091400000, 0x0000000091400000, 0x0000000091500000|  0%| F|  |TAMS 0x0000000091400000, 0x0000000091400000| Untracked 
| 277|0x0000000091500000, 0x0000000091593140, 0x0000000091600000| 57%| S|CS|TAMS 0x0000000091500000, 0x0000000091500000| Complete 
| 278|0x0000000091600000, 0x0000000091700000, 0x0000000091700000|100%| S|CS|TAMS 0x0000000091600000, 0x0000000091600000| Complete 
| 279|0x0000000091700000, 0x0000000091700000, 0x0000000091800000|  0%| F|  |TAMS 0x0000000091700000, 0x0000000091700000| Untracked 
| 280|0x0000000091800000, 0x0000000091800000, 0x0000000091900000|  0%| F|  |TAMS 0x0000000091800000, 0x0000000091800000| Untracked 
| 281|0x0000000091900000, 0x0000000091a00000, 0x0000000091a00000|100%| S|CS|TAMS 0x0000000091900000, 0x0000000091900000| Complete 
| 282|0x0000000091a00000, 0x0000000091a00000, 0x0000000091b00000|  0%| F|  |TAMS 0x0000000091a00000, 0x0000000091a00000| Untracked 
| 283|0x0000000091b00000, 0x0000000091c00000, 0x0000000091c00000|100%| S|CS|TAMS 0x0000000091b00000, 0x0000000091b00000| Complete 
| 284|0x0000000091c00000, 0x0000000091c00000, 0x0000000091d00000|  0%| F|  |TAMS 0x0000000091c00000, 0x0000000091c00000| Untracked 
| 285|0x0000000091d00000, 0x0000000091d00000, 0x0000000091e00000|  0%| F|  |TAMS 0x0000000091d00000, 0x0000000091d00000| Untracked 
| 286|0x0000000091e00000, 0x0000000091e00000, 0x0000000091f00000|  0%| F|  |TAMS 0x0000000091e00000, 0x0000000091e00000| Untracked 
| 287|0x0000000091f00000, 0x0000000091f00000, 0x0000000092000000|  0%| F|  |TAMS 0x0000000091f00000, 0x0000000091f00000| Untracked 
| 288|0x0000000092000000, 0x0000000092000000, 0x0000000092100000|  0%| F|  |TAMS 0x0000000092000000, 0x0000000092000000| Untracked 
| 289|0x0000000092100000, 0x0000000092100000, 0x0000000092200000|  0%| F|  |TAMS 0x0000000092100000, 0x0000000092100000| Untracked 
| 290|0x0000000092200000, 0x0000000092200000, 0x0000000092300000|  0%| F|  |TAMS 0x0000000092200000, 0x0000000092200000| Untracked 
| 291|0x0000000092300000, 0x0000000092300000, 0x0000000092400000|  0%| F|  |TAMS 0x0000000092300000, 0x0000000092300000| Untracked 
| 292|0x0000000092400000, 0x0000000092400000, 0x0000000092500000|  0%| F|  |TAMS 0x0000000092400000, 0x0000000092400000| Untracked 
| 293|0x0000000092500000, 0x0000000092500000, 0x0000000092600000|  0%| F|  |TAMS 0x0000000092500000, 0x0000000092500000| Untracked 
| 294|0x0000000092600000, 0x0000000092600000, 0x0000000092700000|  0%| F|  |TAMS 0x0000000092600000, 0x0000000092600000| Untracked 
| 295|0x0000000092700000, 0x0000000092700000, 0x0000000092800000|  0%| F|  |TAMS 0x0000000092700000, 0x0000000092700000| Untracked 
| 296|0x0000000092800000, 0x0000000092800000, 0x0000000092900000|  0%| F|  |TAMS 0x0000000092800000, 0x0000000092800000| Untracked 
| 297|0x0000000092900000, 0x0000000092900000, 0x0000000092a00000|  0%| F|  |TAMS 0x0000000092900000, 0x0000000092900000| Untracked 
| 298|0x0000000092a00000, 0x0000000092a00000, 0x0000000092b00000|  0%| F|  |TAMS 0x0000000092a00000, 0x0000000092a00000| Untracked 
| 299|0x0000000092b00000, 0x0000000092b00000, 0x0000000092c00000|  0%| F|  |TAMS 0x0000000092b00000, 0x0000000092b00000| Untracked 
| 300|0x0000000092c00000, 0x0000000092c00000, 0x0000000092d00000|  0%| F|  |TAMS 0x0000000092c00000, 0x0000000092c00000| Untracked 
| 301|0x0000000092d00000, 0x0000000092d00000, 0x0000000092e00000|  0%| F|  |TAMS 0x0000000092d00000, 0x0000000092d00000| Untracked 
| 302|0x0000000092e00000, 0x0000000092e00000, 0x0000000092f00000|  0%| F|  |TAMS 0x0000000092e00000, 0x0000000092e00000| Untracked 
| 303|0x0000000092f00000, 0x0000000092f00000, 0x0000000093000000|  0%| F|  |TAMS 0x0000000092f00000, 0x0000000092f00000| Untracked 
| 304|0x0000000093000000, 0x0000000093000000, 0x0000000093100000|  0%| F|  |TAMS 0x0000000093000000, 0x0000000093000000| Untracked 
| 305|0x0000000093100000, 0x0000000093100000, 0x0000000093200000|  0%| F|  |TAMS 0x0000000093100000, 0x0000000093100000| Untracked 
| 306|0x0000000093200000, 0x0000000093200000, 0x0000000093300000|  0%| F|  |TAMS 0x0000000093200000, 0x0000000093200000| Untracked 
| 307|0x0000000093300000, 0x0000000093300000, 0x0000000093400000|  0%| F|  |TAMS 0x0000000093300000, 0x0000000093300000| Untracked 
| 308|0x0000000093400000, 0x0000000093400000, 0x0000000093500000|  0%| F|  |TAMS 0x0000000093400000, 0x0000000093400000| Untracked 
| 309|0x0000000093500000, 0x0000000093600000, 0x0000000093600000|100%| E|  |TAMS 0x0000000093500000, 0x0000000093500000| Complete 
| 310|0x0000000093600000, 0x0000000093700000, 0x0000000093700000|100%| E|CS|TAMS 0x0000000093600000, 0x0000000093600000| Complete 
| 311|0x0000000093700000, 0x0000000093800000, 0x0000000093800000|100%| E|CS|TAMS 0x0000000093700000, 0x0000000093700000| Complete 

Card table byte_map: [0x0000020d569b0000,0x0000020d56db0000] _byte_map_base: 0x0000020d565b0000

Marking Bits (Prev, Next): (CMBitMap*) 0x0000020d434ab8f8, (CMBitMap*) 0x0000020d434ab930
 Prev Bits: [0x0000020d571b0000, 0x0000020d591b0000)
 Next Bits: [0x0000020d591b0000, 0x0000020d5b1b0000)

Polling page: 0x0000020d41bc0000

Metaspace:

Usage:
  Non-class:    145.91 MB capacity,   142.85 MB ( 98%) used,     2.49 MB (  2%) free+waste,   586.13 KB ( <1%) overhead. 
      Class:     21.87 MB capacity,    20.03 MB ( 92%) used,     1.59 MB (  7%) free+waste,   263.13 KB (  1%) overhead. 
       Both:    167.78 MB capacity,   162.88 MB ( 97%) used,     4.07 MB (  2%) free+waste,   849.25 KB ( <1%) overhead. 

Virtual space:
  Non-class space:      146.00 MB reserved,     146.00 MB (100%) committed 
      Class space:        1.00 GB reserved,      21.96 MB (  2%) committed 
             Both:        1.14 GB reserved,     167.96 MB ( 14%) committed 

Chunk freelists:
   Non-Class:  32.00 KB
       Class:  2.00 KB
        Both:  34.00 KB

MaxMetaspaceSize: 17179869184.00 GB
CompressedClassSpaceSize: 1.00 GB
Initial GC threshold: 20.80 MB
Current GC threshold: 196.81 MB
CDS: off

CodeHeap 'non-profiled nmethods': size=120064Kb used=15621Kb max_used=15621Kb free=104442Kb
 bounds [0x0000020d4ea40000, 0x0000020d4f990000, 0x0000020d55f80000]
CodeHeap 'profiled nmethods': size=120000Kb used=53421Kb max_used=54506Kb free=66578Kb
 bounds [0x0000020d47510000, 0x0000020d4aa50000, 0x0000020d4ea40000]
CodeHeap 'non-nmethods': size=5696Kb used=2542Kb max_used=2607Kb free=3154Kb
 bounds [0x0000020d46f80000, 0x0000020d47220000, 0x0000020d47510000]
 total_blobs=24428 nmethods=23345 adapters=993
 compilation: enabled
              stopped_count=0, restarted_count=0
 full_count=0

Compilation events (20 events):
Event: 2788.992 Thread 0x0000020d5d7cc800 26007       3       java.util.regex.ASCII::toLower (16 bytes)
Event: 2788.992 Thread 0x0000020d5d7cc800 nmethod 26007 0x0000020d484bc290 code [0x0000020d484bc440, 0x0000020d484bc638]
Event: 2788.992 Thread 0x0000020d5d7cc800 26009       3       java.util.regex.Pattern$SliceI::match (96 bytes)
Event: 2788.993 Thread 0x0000020d5d7cc800 nmethod 26009 0x0000020d47ecc790 code [0x0000020d47ecc9a0, 0x0000020d47eccfb8]
Event: 2788.993 Thread 0x0000020d5d7cc800 26008       3       java.util.regex.ASCII::isUpper (18 bytes)
Event: 2788.993 Thread 0x0000020d5d7cc800 nmethod 26008 0x0000020d481d6590 code [0x0000020d481d6740, 0x0000020d481d6898]
Event: 2788.993 Thread 0x0000020d5d7cc800 26010       3       sun.security.util.SignatureFileVerifier::updateSigners (132 bytes)
Event: 2788.995 Thread 0x0000020d5d7cc800 nmethod 26010 0x0000020d48183790 code [0x0000020d48183a80, 0x0000020d48184d68]
Event: 2789.041 Thread 0x0000020d5d7cc800 26011       3       sun.security.util.DerInputStream::readVector (299 bytes)
Event: 2789.045 Thread 0x0000020d5d7cc800 nmethod 26011 0x0000020d487c6890 code [0x0000020d487c6d40, 0x0000020d487ca288]
Event: 2789.045 Thread 0x0000020d5d7cc800 26013       3       sun.security.util.ObjectIdentifier::check (78 bytes)
Event: 2789.045 Thread 0x0000020d5d7cc800 nmethod 26013 0x0000020d488cbe10 code [0x0000020d488cc000, 0x0000020d488cc498]
Event: 2789.045 Thread 0x0000020d5d7cc800 26012   !   3       sun.security.util.DerValue::encode (87 bytes)
Event: 2789.046 Thread 0x0000020d5d7cc800 nmethod 26012 0x0000020d47bd2d90 code [0x0000020d47bd3000, 0x0000020d47bd3ea8]
Event: 2789.054 Thread 0x0000020d5d7cc800 26014       3       java.math.MutableBigInteger::divideMagnitude (1307 bytes)
Event: 2789.058 Thread 0x0000020d5d7cc800 nmethod 26014 0x0000020d486e5790 code [0x0000020d486e5b80, 0x0000020d486e7ed8]
Event: 2789.058 Thread 0x0000020d5d7cc800 26015       3       java.security.Security::getImpl (31 bytes)
Event: 2789.059 Thread 0x0000020d5d7cc800 nmethod 26015 0x0000020d47b25f10 code [0x0000020d47b261a0, 0x0000020d47b26f78]
Event: 2789.059 Thread 0x0000020d5d7cc800 26016       3       sun.security.provider.DigestBase::<init> (27 bytes)
Event: 2789.060 Thread 0x0000020d5d7cc800 nmethod 26016 0x0000020d484eda90 code [0x0000020d484edc60, 0x0000020d484edf78]

GC Heap History (20 events):
Event: 1321.325 GC heap before
{Heap before GC invocations=100 (full 0):
 garbage-first heap   total 319488K, used 272824K [0x0000000080000000, 0x0000000100000000)
  region size 1024K, 46 young (47104K), 4 survivors (4096K)
 Metaspace       used 157028K, capacity 161716K, committed 161752K, reserved 1189888K
  class space    used 19452K, capacity 21198K, committed 21208K, reserved 1048576K
}
Event: 1321.334 GC heap after
{Heap after GC invocations=101 (full 0):
 garbage-first heap   total 319488K, used 231591K [0x0000000080000000, 0x0000000100000000)
  region size 1024K, 4 young (4096K), 4 survivors (4096K)
 Metaspace       used 157028K, capacity 161716K, committed 161752K, reserved 1189888K
  class space    used 19452K, capacity 21198K, committed 21208K, reserved 1048576K
}
Event: 1321.794 GC heap before
{Heap before GC invocations=101 (full 0):
 garbage-first heap   total 319488K, used 275623K [0x0000000080000000, 0x0000000100000000)
  region size 1024K, 46 young (47104K), 4 survivors (4096K)
 Metaspace       used 157303K, capacity 162050K, committed 162264K, reserved 1189888K
  class space    used 19452K, capacity 21198K, committed 21208K, reserved 1048576K
}
Event: 1321.812 GC heap after
{Heap after GC invocations=102 (full 0):
 garbage-first heap   total 319488K, used 239315K [0x0000000080000000, 0x0000000100000000)
  region size 1024K, 6 young (6144K), 6 survivors (6144K)
 Metaspace       used 157303K, capacity 162050K, committed 162264K, reserved 1189888K
  class space    used 19452K, capacity 21198K, committed 21208K, reserved 1048576K
}
Event: 1322.355 GC heap before
{Heap before GC invocations=102 (full 0):
 garbage-first heap   total 319488K, used 274131K [0x0000000080000000, 0x0000000100000000)
  region size 1024K, 40 young (40960K), 6 survivors (6144K)
 Metaspace       used 157537K, capacity 162268K, committed 162520K, reserved 1189888K
  class space    used 19452K, capacity 21198K, committed 21208K, reserved 1048576K
}
Event: 1322.374 GC heap after
{Heap after GC invocations=103 (full 0):
 garbage-first heap   total 319488K, used 242786K [0x0000000080000000, 0x0000000100000000)
  region size 1024K, 5 young (5120K), 5 survivors (5120K)
 Metaspace       used 157537K, capacity 162268K, committed 162520K, reserved 1189888K
  class space    used 19452K, capacity 21198K, committed 21208K, reserved 1048576K
}
Event: 1324.008 GC heap before
{Heap before GC invocations=103 (full 0):
 garbage-first heap   total 319488K, used 291938K [0x0000000080000000, 0x0000000100000000)
  region size 1024K, 36 young (36864K), 5 survivors (5120K)
 Metaspace       used 157685K, capacity 162367K, committed 162520K, reserved 1189888K
  class space    used 19454K, capacity 21201K, committed 21208K, reserved 1048576K
}
Event: 1324.017 GC heap after
{Heap after GC invocations=104 (full 0):
 garbage-first heap   total 319488K, used 239777K [0x0000000080000000, 0x0000000100000000)
  region size 1024K, 1 young (1024K), 1 survivors (1024K)
 Metaspace       used 157685K, capacity 162367K, committed 162520K, reserved 1189888K
  class space    used 19454K, capacity 21201K, committed 21208K, reserved 1048576K
}
Event: 1330.570 GC heap before
{Heap before GC invocations=104 (full 0):
 garbage-first heap   total 319488K, used 274593K [0x0000000080000000, 0x0000000100000000)
  region size 1024K, 36 young (36864K), 1 survivors (1024K)
 Metaspace       used 157805K, capacity 162491K, committed 162648K, reserved 1189888K
  class space    used 19460K, capacity 21213K, committed 21336K, reserved 1048576K
}
Event: 1330.578 GC heap after
{Heap after GC invocations=105 (full 0):
 garbage-first heap   total 319488K, used 243098K [0x0000000080000000, 0x0000000100000000)
  region size 1024K, 4 young (4096K), 4 survivors (4096K)
 Metaspace       used 157805K, capacity 162491K, committed 162648K, reserved 1189888K
  class space    used 19460K, capacity 21213K, committed 21336K, reserved 1048576K
}
Event: 1331.163 GC heap before
{Heap before GC invocations=105 (full 0):
 garbage-first heap   total 319488K, used 275866K [0x0000000080000000, 0x0000000100000000)
  region size 1024K, 37 young (37888K), 4 survivors (4096K)
 Metaspace       used 157969K, capacity 162810K, committed 163160K, reserved 1191936K
  class space    used 19468K, capacity 21228K, committed 21336K, reserved 1048576K
}
Event: 1331.178 GC heap after
{Heap after GC invocations=106 (full 0):
 garbage-first heap   total 319488K, used 246837K [0x0000000080000000, 0x0000000100000000)
  region size 1024K, 4 young (4096K), 4 survivors (4096K)
 Metaspace       used 157969K, capacity 162810K, committed 163160K, reserved 1191936K
  class space    used 19468K, capacity 21228K, committed 21336K, reserved 1048576K
}
Event: 1625.219 GC heap before
{Heap before GC invocations=106 (full 0):
 garbage-first heap   total 319488K, used 276533K [0x0000000080000000, 0x0000000100000000)
  region size 1024K, 33 young (33792K), 4 survivors (4096K)
 Metaspace       used 158280K, capacity 163194K, committed 163544K, reserved 1191936K
  class space    used 19527K, capacity 21357K, committed 21464K, reserved 1048576K
}
Event: 1625.235 GC heap after
{Heap after GC invocations=107 (full 0):
 garbage-first heap   total 319488K, used 248145K [0x0000000080000000, 0x0000000100000000)
  region size 1024K, 2 young (2048K), 2 survivors (2048K)
 Metaspace       used 158280K, capacity 163194K, committed 163544K, reserved 1191936K
  class space    used 19527K, capacity 21357K, committed 21464K, reserved 1048576K
}
Event: 2774.273 GC heap before
{Heap before GC invocations=107 (full 0):
 garbage-first heap   total 319488K, used 277841K [0x0000000080000000, 0x0000000100000000)
  region size 1024K, 31 young (31744K), 2 survivors (2048K)
 Metaspace       used 158324K, capacity 163261K, committed 163544K, reserved 1191936K
  class space    used 19527K, capacity 21357K, committed 21464K, reserved 1048576K
}
Event: 2774.279 GC heap after
{Heap after GC invocations=108 (full 0):
 garbage-first heap   total 319488K, used 247987K [0x0000000080000000, 0x0000000100000000)
  region size 1024K, 2 young (2048K), 2 survivors (2048K)
 Metaspace       used 158324K, capacity 163261K, committed 163544K, reserved 1191936K
  class space    used 19527K, capacity 21357K, committed 21464K, reserved 1048576K
}
Event: 2785.267 GC heap before
{Heap before GC invocations=108 (full 0):
 garbage-first heap   total 319488K, used 277683K [0x0000000080000000, 0x0000000100000000)
  region size 1024K, 32 young (32768K), 2 survivors (2048K)
 Metaspace       used 158502K, capacity 163483K, committed 163544K, reserved 1191936K
  class space    used 19556K, capacity 21413K, committed 21464K, reserved 1048576K
}
Event: 2785.275 GC heap after
{Heap after GC invocations=109 (full 0):
 garbage-first heap   total 319488K, used 249958K [0x0000000080000000, 0x0000000100000000)
  region size 1024K, 4 young (4096K), 4 survivors (4096K)
 Metaspace       used 158502K, capacity 163483K, committed 163544K, reserved 1191936K
  class space    used 19556K, capacity 21413K, committed 21464K, reserved 1048576K
}
Event: 2787.164 GC heap before
{Heap before GC invocations=109 (full 0):
 garbage-first heap   total 319488K, used 278630K [0x0000000080000000, 0x0000000100000000)
  region size 1024K, 33 young (33792K), 4 survivors (4096K)
 Metaspace       used 163697K, capacity 168749K, committed 168792K, reserved 1196032K
  class space    used 20175K, capacity 22062K, committed 22104K, reserved 1048576K
}
Event: 2787.173 GC heap after
{Heap after GC invocations=110 (full 0):
 garbage-first heap   total 319488K, used 250810K [0x0000000080000000, 0x0000000100000000)
  region size 1024K, 4 young (4096K), 4 survivors (4096K)
 Metaspace       used 163697K, capacity 168749K, committed 168792K, reserved 1196032K
  class space    used 20175K, capacity 22062K, committed 22104K, reserved 1048576K
}

Deoptimization events (20 events):
Event: 2789.010 Thread 0x0000020d67f15800 DEOPT PACKING pc=0x0000020d49c5c347 sp=0x000000dbc07f44f0
Event: 2789.010 Thread 0x0000020d67f15800 DEOPT UNPACKING pc=0x0000020d46fca95e sp=0x000000dbc07f3aa0 mode 0
Event: 2789.012 Thread 0x0000020d67f15800 DEOPT PACKING pc=0x0000020d49c5c347 sp=0x000000dbc07f44f0
Event: 2789.012 Thread 0x0000020d67f15800 DEOPT UNPACKING pc=0x0000020d46fca95e sp=0x000000dbc07f3aa0 mode 0
Event: 2789.013 Thread 0x0000020d67f15800 DEOPT PACKING pc=0x0000020d49c5c347 sp=0x000000dbc07f44f0
Event: 2789.013 Thread 0x0000020d67f15800 DEOPT UNPACKING pc=0x0000020d46fca95e sp=0x000000dbc07f3aa0 mode 0
Event: 2789.020 Thread 0x0000020d67f15800 DEOPT PACKING pc=0x0000020d49c5c347 sp=0x000000dbc07f44f0
Event: 2789.020 Thread 0x0000020d67f15800 DEOPT UNPACKING pc=0x0000020d46fca95e sp=0x000000dbc07f3aa0 mode 0
Event: 2789.023 Thread 0x0000020d67f15800 DEOPT PACKING pc=0x0000020d49c5c347 sp=0x000000dbc07f44f0
Event: 2789.023 Thread 0x0000020d67f15800 DEOPT UNPACKING pc=0x0000020d46fca95e sp=0x000000dbc07f3aa0 mode 0
Event: 2789.044 Thread 0x0000020d67f15800 DEOPT PACKING pc=0x0000020d49c5c347 sp=0x000000dbc07f4270
Event: 2789.044 Thread 0x0000020d67f15800 DEOPT UNPACKING pc=0x0000020d46fca95e sp=0x000000dbc07f3820 mode 0
Event: 2789.048 Thread 0x0000020d67f15800 DEOPT PACKING pc=0x0000020d49c5c347 sp=0x000000dbc07f4270
Event: 2789.048 Thread 0x0000020d67f15800 DEOPT UNPACKING pc=0x0000020d46fca95e sp=0x000000dbc07f3820 mode 0
Event: 2789.049 Thread 0x0000020d67f15800 DEOPT PACKING pc=0x0000020d49c5c347 sp=0x000000dbc07f4270
Event: 2789.049 Thread 0x0000020d67f15800 DEOPT UNPACKING pc=0x0000020d46fca95e sp=0x000000dbc07f3820 mode 0
Event: 2789.050 Thread 0x0000020d67f15800 DEOPT PACKING pc=0x0000020d49c5c347 sp=0x000000dbc07f4270
Event: 2789.050 Thread 0x0000020d67f15800 DEOPT UNPACKING pc=0x0000020d46fca95e sp=0x000000dbc07f3820 mode 0
Event: 2789.053 Thread 0x0000020d67f15800 DEOPT PACKING pc=0x0000020d49c5c347 sp=0x000000dbc07f4270
Event: 2789.053 Thread 0x0000020d67f15800 DEOPT UNPACKING pc=0x0000020d46fca95e sp=0x000000dbc07f3820 mode 0

Classes redefined (0 events):
No events

Internal exceptions (20 events):
Event: 2785.218 Thread 0x0000020d67f15800 Exception <a 'java/security/PrivilegedActionException'{0x0000000091b24438}> (0x0000000091b24438) thrown at [./src/hotspot/share/prims/jvm.cpp, line 1306]
Event: 2785.218 Thread 0x0000020d67f15800 Exception <a 'java/security/PrivilegedActionException'{0x0000000091b25450}> (0x0000000091b25450) thrown at [./src/hotspot/share/prims/jvm.cpp, line 1306]
Event: 2785.218 Thread 0x0000020d67f15800 Exception <a 'java/security/PrivilegedActionException'{0x0000000091b27e30}> (0x0000000091b27e30) thrown at [./src/hotspot/share/prims/jvm.cpp, line 1306]
Event: 2785.218 Thread 0x0000020d67f15800 Exception <a 'java/security/PrivilegedActionException'{0x0000000091b28e48}> (0x0000000091b28e48) thrown at [./src/hotspot/share/prims/jvm.cpp, line 1306]
Event: 2785.218 Thread 0x0000020d67f15800 Exception <a 'java/security/PrivilegedActionException'{0x0000000091b2b520}> (0x0000000091b2b520) thrown at [./src/hotspot/share/prims/jvm.cpp, line 1306]
Event: 2785.219 Thread 0x0000020d67f15800 Exception <a 'java/security/PrivilegedActionException'{0x0000000091b2c7c0}> (0x0000000091b2c7c0) thrown at [./src/hotspot/share/prims/jvm.cpp, line 1306]
Event: 2785.231 Thread 0x0000020d67f15800 Exception <a 'java/security/PrivilegedActionException'{0x0000000091b98a28}> (0x0000000091b98a28) thrown at [./src/hotspot/share/prims/jvm.cpp, line 1306]
Event: 2785.231 Thread 0x0000020d67f15800 Exception <a 'java/security/PrivilegedActionException'{0x0000000091b99cf0}> (0x0000000091b99cf0) thrown at [./src/hotspot/share/prims/jvm.cpp, line 1306]
Event: 2785.231 Thread 0x0000020d67f15800 Exception <a 'java/security/PrivilegedActionException'{0x0000000091b9c3c8}> (0x0000000091b9c3c8) thrown at [./src/hotspot/share/prims/jvm.cpp, line 1306]
Event: 2785.231 Thread 0x0000020d67f15800 Exception <a 'java/security/PrivilegedActionException'{0x0000000091b9d3e0}> (0x0000000091b9d3e0) thrown at [./src/hotspot/share/prims/jvm.cpp, line 1306]
Event: 2785.231 Thread 0x0000020d67f15800 Exception <a 'java/security/PrivilegedActionException'{0x0000000091b9fe10}> (0x0000000091b9fe10) thrown at [./src/hotspot/share/prims/jvm.cpp, line 1306]
Event: 2785.231 Thread 0x0000020d67f15800 Exception <a 'java/security/PrivilegedActionException'{0x0000000091ba0e28}> (0x0000000091ba0e28) thrown at [./src/hotspot/share/prims/jvm.cpp, line 1306]
Event: 2785.232 Thread 0x0000020d67f15800 Exception <a 'java/security/PrivilegedActionException'{0x0000000091ba3518}> (0x0000000091ba3518) thrown at [./src/hotspot/share/prims/jvm.cpp, line 1306]
Event: 2785.232 Thread 0x0000020d67f15800 Exception <a 'java/security/PrivilegedActionException'{0x0000000091ba4530}> (0x0000000091ba4530) thrown at [./src/hotspot/share/prims/jvm.cpp, line 1306]
Event: 2785.232 Thread 0x0000020d67f15800 Exception <a 'java/security/PrivilegedActionException'{0x0000000091ba6ea0}> (0x0000000091ba6ea0) thrown at [./src/hotspot/share/prims/jvm.cpp, line 1306]
Event: 2785.232 Thread 0x0000020d67f15800 Exception <a 'java/security/PrivilegedActionException'{0x0000000091ba7eb8}> (0x0000000091ba7eb8) thrown at [./src/hotspot/share/prims/jvm.cpp, line 1306]
Event: 2785.232 Thread 0x0000020d67f15800 Exception <a 'java/security/PrivilegedActionException'{0x0000000091baa648}> (0x0000000091baa648) thrown at [./src/hotspot/share/prims/jvm.cpp, line 1306]
Event: 2785.232 Thread 0x0000020d67f15800 Exception <a 'java/security/PrivilegedActionException'{0x0000000091bab9a0}> (0x0000000091bab9a0) thrown at [./src/hotspot/share/prims/jvm.cpp, line 1306]
Event: 2785.297 Thread 0x0000020d67f15800 Implicit null exception at 0x0000020d4f101ef5 to 0x0000020d4f102370
Event: 2789.086 Thread 0x0000020d67f15800 Exception <a 'sun/nio/fs/WindowsException'{0x0000000091d74778}> (0x0000000091d74778) thrown at [./src/hotspot/share/prims/jni.cpp, line 615]

Events (20 events):
Event: 2788.901 loading class org/gradle/api/Action
Event: 2788.901 loading class org/gradle/api/Action done
Event: 2788.902 loading class com/android/build/gradle/internal/plugins/BasePlugin
Event: 2788.902 loading class com/android/build/gradle/internal/plugins/BasePlugin done
Event: 2788.902 loading class com/android/repository/Revision
Event: 2788.902 loading class com/android/repository/Revision done
Event: 2788.902 loading class com/android/build/gradle/internal/plugins/BasePlugin
Event: 2788.902 loading class com/android/build/gradle/internal/plugins/BasePlugin done
Event: 2788.914 loading class org/gradle/api/provider/Provider
Event: 2788.914 loading class org/gradle/api/provider/Provider done
Event: 2788.914 loading class com/android/build/gradle/internal/SdkComponentsBuildService$VersionedSdkLoader
Event: 2788.914 loading class com/android/build/gradle/internal/SdkComponentsBuildService$VersionedSdkLoader done
Event: 2788.914 loading class org/gradle/api/Transformer
Event: 2788.914 loading class org/gradle/api/Transformer done
Event: 2788.915 loading class com/android/build/gradle/internal/plugins/BasePlugin
Event: 2788.915 loading class com/android/build/gradle/internal/plugins/BasePlugin done
Event: 2788.980 Executing VM operation: RevokeBias
Event: 2788.980 Executing VM operation: RevokeBias done
Event: 2788.983 Executing VM operation: RevokeBias
Event: 2788.983 Executing VM operation: RevokeBias done


Dynamic libraries:
0x00007ff6afe80000 - 0x00007ff6afe8a000 	F:\AndroidStudio\jre\bin\java.exe
0x00007ffa1d9b0000 - 0x00007ffa1dba8000 	C:\WINDOWS\SYSTEM32\ntdll.dll
0x00007ffa1c7c0000 - 0x00007ffa1c87f000 	C:\WINDOWS\System32\KERNEL32.DLL
0x00007ffa1b0b0000 - 0x00007ffa1b382000 	C:\WINDOWS\System32\KERNELBASE.dll
0x00007ffa1b730000 - 0x00007ffa1b830000 	C:\WINDOWS\System32\ucrtbase.dll
0x00007ffa01320000 - 0x00007ffa01339000 	F:\AndroidStudio\jre\bin\jli.dll
0x00007ffa1d210000 - 0x00007ffa1d3ad000 	C:\WINDOWS\System32\USER32.dll
0x00007ffa1b490000 - 0x00007ffa1b4b2000 	C:\WINDOWS\System32\win32u.dll
0x00007ffa1d5e0000 - 0x00007ffa1d60b000 	C:\WINDOWS\System32\GDI32.dll
0x00007ffa1b580000 - 0x00007ffa1b68f000 	C:\WINDOWS\System32\gdi32full.dll
0x00007ffa1b690000 - 0x00007ffa1b72d000 	C:\WINDOWS\System32\msvcp_win.dll
0x00007ffa087b0000 - 0x00007ffa08a4a000 	C:\WINDOWS\WinSxS\amd64_microsoft.windows.common-controls_6595b64144ccf1df_6.0.19041.1110_none_60b5254171f9507e\COMCTL32.dll
0x00007ffa1bd20000 - 0x00007ffa1bdbe000 	C:\WINDOWS\System32\msvcrt.dll
0x00007ff9f96a0000 - 0x00007ff9f96b7000 	F:\AndroidStudio\jre\bin\VCRUNTIME140.dll
0x00007ffa1d1d0000 - 0x00007ffa1d202000 	C:\WINDOWS\System32\IMM32.DLL
0x00007ff9f8e90000 - 0x00007ff9f8f2d000 	F:\AndroidStudio\jre\bin\msvcp140.dll
0x00007ff9e71e0000 - 0x00007ff9e7cc5000 	F:\AndroidStudio\jre\bin\server\jvm.dll
0x00007ffa1c8e0000 - 0x00007ffa1c98e000 	C:\WINDOWS\System32\ADVAPI32.dll
0x00007ffa1c6a0000 - 0x00007ffa1c73c000 	C:\WINDOWS\System32\sechost.dll
0x00007ffa1ba10000 - 0x00007ffa1bb35000 	C:\WINDOWS\System32\RPCRT4.dll
0x00007ffa1d0e0000 - 0x00007ffa1d0e8000 	C:\WINDOWS\System32\PSAPI.DLL
0x00007ffa02a50000 - 0x00007ffa02a59000 	C:\WINDOWS\SYSTEM32\WSOCK32.dll
0x00007ffa1c750000 - 0x00007ffa1c7bb000 	C:\WINDOWS\System32\WS2_32.dll
0x00007ff9f4840000 - 0x00007ff9f4867000 	C:\WINDOWS\SYSTEM32\WINMM.dll
0x00007ffa10920000 - 0x00007ffa1092a000 	C:\WINDOWS\SYSTEM32\VERSION.dll
0x00007ffa19900000 - 0x00007ffa19912000 	C:\WINDOWS\SYSTEM32\kernel.appcore.dll
0x00007ffa15bd0000 - 0x00007ffa15be1000 	F:\AndroidStudio\jre\bin\verify.dll
0x00007ffa18e70000 - 0x00007ffa19054000 	C:\WINDOWS\SYSTEM32\DBGHELP.DLL
0x00007ffa02570000 - 0x00007ffa0259c000 	C:\WINDOWS\SYSTEM32\dbgcore.DLL
0x00007ffa1b4c0000 - 0x00007ffa1b542000 	C:\WINDOWS\System32\bcryptPrimitives.dll
0x00007ffa11f70000 - 0x00007ffa11f99000 	F:\AndroidStudio\jre\bin\java.dll
0x00007ffa15c70000 - 0x00007ffa15c7b000 	F:\AndroidStudio\jre\bin\jimage.dll
0x00007ffa14110000 - 0x00007ffa14128000 	F:\AndroidStudio\jre\bin\zip.dll
0x00007ffa1c990000 - 0x00007ffa1d0d3000 	C:\WINDOWS\System32\SHELL32.dll
0x00007ffa19060000 - 0x00007ffa197f2000 	C:\WINDOWS\SYSTEM32\windows.storage.dll
0x00007ffa1be20000 - 0x00007ffa1c174000 	C:\WINDOWS\System32\combase.dll
0x00007ffa1aa30000 - 0x00007ffa1aa60000 	C:\WINDOWS\SYSTEM32\Wldp.dll
0x00007ffa1c5f0000 - 0x00007ffa1c69d000 	C:\WINDOWS\System32\SHCORE.dll
0x00007ffa1c880000 - 0x00007ffa1c8d5000 	C:\WINDOWS\System32\shlwapi.dll
0x00007ffa1aff0000 - 0x00007ffa1b00f000 	C:\WINDOWS\SYSTEM32\profapi.dll
0x00007ffa12b70000 - 0x00007ffa12b8a000 	F:\AndroidStudio\jre\bin\net.dll
0x00007ffa08530000 - 0x00007ffa0863c000 	C:\WINDOWS\SYSTEM32\WINHTTP.dll
0x00007ffa1a790000 - 0x00007ffa1a7fa000 	C:\WINDOWS\system32\mswsock.dll
0x00007ffa120f0000 - 0x00007ffa12104000 	F:\AndroidStudio\jre\bin\nio.dll
0x00007ffa12ba0000 - 0x00007ffa12bc7000 	C:\Users\Sultan\.gradle\native\e1d6ef7f7dcc3fd88c89a11ec53ec762bb8ba0a96d01ffa2cd45eb1d1d8dd5c5\windows-amd64\native-platform.dll
0x00007ff9f8180000 - 0x00007ff9f82c4000 	C:\Users\Sultan\.gradle\native\5664cfc778a61ccfe75a443a1ab52a65af34e5dc3c78e0209fed803814484fcb\windows-amd64\native-platform-file-events.dll
0x00007ffa11f20000 - 0x00007ffa11f2a000 	F:\AndroidStudio\jre\bin\management.dll
0x00007ffa11f10000 - 0x00007ffa11f1d000 	F:\AndroidStudio\jre\bin\management_ext.dll
0x00007ffa1a980000 - 0x00007ffa1a998000 	C:\WINDOWS\SYSTEM32\CRYPTSP.dll
0x00007ffa1a0b0000 - 0x00007ffa1a0e4000 	C:\WINDOWS\system32\rsaenh.dll
0x00007ffa1b550000 - 0x00007ffa1b577000 	C:\WINDOWS\System32\bcrypt.dll
0x00007ffa1afb0000 - 0x00007ffa1afde000 	C:\WINDOWS\SYSTEM32\USERENV.dll
0x00007ffa1a9a0000 - 0x00007ffa1a9ac000 	C:\WINDOWS\SYSTEM32\CRYPTBASE.dll
0x00007ffa1a480000 - 0x00007ffa1a4bb000 	C:\WINDOWS\SYSTEM32\IPHLPAPI.DLL
0x00007ffa1ba00000 - 0x00007ffa1ba08000 	C:\WINDOWS\System32\NSI.dll
0x00007ffa0bf60000 - 0x00007ffa0bf77000 	C:\WINDOWS\SYSTEM32\dhcpcsvc6.DLL
0x00007ffa0c1d0000 - 0x00007ffa0c1ed000 	C:\WINDOWS\SYSTEM32\dhcpcsvc.DLL
0x00007ffa1a4c0000 - 0x00007ffa1a58a000 	C:\WINDOWS\SYSTEM32\DNSAPI.dll
0x00007ffa1a1d0000 - 0x00007ffa1a203000 	C:\WINDOWS\SYSTEM32\ntmarta.dll
0x00007ff9f96c0000 - 0x00007ff9f96de000 	C:\Users\Sultan\AppData\Local\Temp\native-platform18360176099132233289dir\native-platform.dll
0x00007ffa12b90000 - 0x00007ffa12b98000 	F:\AndroidStudio\jre\bin\rmi.dll
0x00007ff9c9db0000 - 0x00007ff9c9dc7000 	C:\WINDOWS\system32\napinsp.dll
0x00007ff9c9d90000 - 0x00007ff9c9dab000 	C:\WINDOWS\system32\pnrpnsp.dll
0x00007ffa15040000 - 0x00007ffa15055000 	C:\WINDOWS\system32\wshbth.dll
0x00007ffa15bb0000 - 0x00007ffa15bcd000 	C:\WINDOWS\system32\NLAapi.dll
0x00007ff9c9d70000 - 0x00007ff9c9d82000 	C:\WINDOWS\System32\winrnr.dll
0x00007ffa07a60000 - 0x00007ffa07a6a000 	C:\Windows\System32\rasadhlp.dll
0x00007ffa07b50000 - 0x00007ffa07bd0000 	C:\WINDOWS\System32\fwpuclnt.dll
0x00007ffa07ed0000 - 0x00007ffa07ef7000 	F:\AndroidStudio\jre\bin\sunec.dll

dbghelp: loaded successfully - version: 4.0.5 - missing functions: none
symbol engine: initialized successfully - sym options: 0x614 - pdb path: .;F:\AndroidStudio\jre\bin;C:\WINDOWS\SYSTEM32;C:\WINDOWS\WinSxS\amd64_microsoft.windows.common-controls_6595b64144ccf1df_6.0.19041.1110_none_60b5254171f9507e;F:\AndroidStudio\jre\bin\server;C:\Users\Sultan\.gradle\native\e1d6ef7f7dcc3fd88c89a11ec53ec762bb8ba0a96d01ffa2cd45eb1d1d8dd5c5\windows-amd64;C:\Users\Sultan\.gradle\native\5664cfc778a61ccfe75a443a1ab52a65af34e5dc3c78e0209fed803814484fcb\windows-amd64;C:\Users\Sultan\AppData\Local\Temp\native-platform18360176099132233289dir

VM Arguments:
jvm_args: --add-opens=java.base/java.util=ALL-UNNAMED --add-opens=java.base/java.lang=ALL-UNNAMED --add-opens=java.base/java.lang.invoke=ALL-UNNAMED --add-opens=java.base/java.util=ALL-UNNAMED --add-opens=java.prefs/java.util.prefs=ALL-UNNAMED --add-opens=java.prefs/java.util.prefs=ALL-UNNAMED --add-opens=java.base/java.nio.charset=ALL-UNNAMED --add-opens=java.base/java.net=ALL-UNNAMED --add-opens=java.base/java.util.concurrent.atomic=ALL-UNNAMED -Xmx2048m -Dfile.encoding=UTF-8 -Duser.country=RU -Duser.language=ru -Duser.variant 
java_command: org.gradle.launcher.daemon.bootstrap.GradleDaemon 7.3.3
java_class_path (initial): C:\Users\Sultan\.gradle\wrapper\dists\gradle-7.3.3-bin\6a41zxkdtcxs8rphpq6y0069z\gradle-7.3.3\lib\gradle-launcher-7.3.3.jar
Launcher Type: SUN_STANDARD

[Global flags]
     intx CICompilerCount                          = 3                                         {product} {ergonomic}
     uint ConcGCThreads                            = 1                                         {product} {ergonomic}
     uint G1ConcRefinementThreads                  = 4                                         {product} {ergonomic}
   size_t G1HeapRegionSize                         = 1048576                                   {product} {ergonomic}
    uintx GCDrainStackTargetSize                   = 64                                        {product} {ergonomic}
   size_t InitialHeapSize                          = 134217728                                 {product} {ergonomic}
   size_t MarkStackSize                            = 4194304                                   {product} {ergonomic}
   size_t MaxHeapSize                              = 2147483648                                {product} {command line}
   size_t MaxNewSize                               = 1287651328                                {product} {ergonomic}
   size_t MinHeapDeltaBytes                        = 1048576                                   {product} {ergonomic}
    uintx NonNMethodCodeHeapSize                   = 5830732                                {pd product} {ergonomic}
    uintx NonProfiledCodeHeapSize                  = 122913754                              {pd product} {ergonomic}
    uintx ProfiledCodeHeapSize                     = 122913754                              {pd product} {ergonomic}
    uintx ReservedCodeCacheSize                    = 251658240                              {pd product} {ergonomic}
     bool SegmentedCodeCache                       = true                                      {product} {ergonomic}
     bool UseCompressedClassPointers               = true                                 {lp64_product} {ergonomic}
     bool UseCompressedOops                        = true                                 {lp64_product} {ergonomic}
     bool UseG1GC                                  = true                                      {product} {ergonomic}
     bool UseLargePagesIndividualAllocation        = false                                  {pd product} {ergonomic}

Logging:
Log output configuration:
 #0: stdout all=warning uptime,level,tags
 #1: stderr all=off uptime,level,tags

Environment Variables:
JAVA_HOME=C:\Program Files\Java\jdk-18.0.2.1
PATH=C:\Program Files\Common Files\Oracle\Java\javapath;C:\WINDOWS\system32;C:\WINDOWS;C:\WINDOWS\System32\Wbem;C:\WINDOWS\System32\WindowsPowerShell\v1.0\;C:\WINDOWS\System32\OpenSSH\;C:\Program Files\Java\jdk-18.0.2.1\bin;F:\Git\cmd;C:\Users\Sultan\AppData\Local\Microsoft\WindowsApps;;C:\Program Files\JetBrains\IntelliJ IDEA Community Edition 2022.2.1\bin;;F:\Microsoft VS Code\bin
USERNAME=Sultan
OS=Windows_NT
PROCESSOR_IDENTIFIER=Intel64 Family 6 Model 142 Stepping 10, GenuineIntel



---------------  S Y S T E M  ---------------

OS: Windows 10 , 64 bit Build 19041 (10.0.19041.2251)
OS uptime: 0 days 5:24 hours

CPU:total 4 (initial active 4) (2 cores per cpu, 2 threads per core) family 6 model 142 stepping 10 microcode 0xb4, cmov, cx8, fxsr, mmx, sse, sse2, sse3, ssse3, sse4.1, sse4.2, popcnt, avx, avx2, aes, clmul, erms, 3dnowpref, lzcnt, ht, tsc, tscinvbit, bmi1, bmi2, adx, fma

Memory: 4k page, system-wide physical 8108M (393M free)
TotalPageFile size 10156M (AvailPageFile size 0M)
current process WorkingSet (physical memory assigned to process): 402M, peak: 650M
current process commit charge ("private bytes"): 772M, peak: 785M

vm_info: OpenJDK 64-Bit Server VM (11.0.12+7-b1504.28-7817840) for windows-amd64 JRE (11.0.12+7-b1504.28-7817840), built on Oct 13 2021 22:12:33 by "builder" with MS VC++ 14.0 (VS2015)

END.
